Release 14.7 - xst P.20131013 (lin64)
Copyright (c) 1995-2013 Xilinx, Inc.  All rights reserved.
--> 
Parameter TMPDIR set to xst/projnav.tmp


Total REAL time to Xst completion: 0.00 secs
Total CPU time to Xst completion: 0.05 secs
 
--> 
Parameter xsthdpdir set to xst


Total REAL time to Xst completion: 0.00 secs
Total CPU time to Xst completion: 0.06 secs
 
--> 
Reading design: top.prj

TABLE OF CONTENTS
  1) Synthesis Options Summary
  2) HDL Compilation
  3) Design Hierarchy Analysis
  4) HDL Analysis
  5) HDL Synthesis
     5.1) HDL Synthesis Report
  6) Advanced HDL Synthesis
     6.1) Advanced HDL Synthesis Report
  7) Low Level Synthesis
  8) Partition Report
  9) Final Report
	9.1) Device utilization summary
	9.2) Partition Resource Summary
	9.3) TIMING REPORT


=========================================================================
*                      Synthesis Options Summary                        *
=========================================================================
---- Source Parameters
Input File Name                    : "top.prj"
Input Format                       : mixed
Ignore Synthesis Constraint File   : NO

---- Target Parameters
Output File Name                   : "top"
Output Format                      : NGC
Target Device                      : xc3s500e-5-fg320

---- Source Options
Top Module Name                    : top
Automatic FSM Extraction           : YES
FSM Encoding Algorithm             : Auto
Safe Implementation                : No
FSM Style                          : LUT
RAM Extraction                     : Yes
RAM Style                          : Auto
ROM Extraction                     : Yes
Mux Style                          : Auto
Decoder Extraction                 : YES
Priority Encoder Extraction        : Yes
Shift Register Extraction          : YES
Logical Shifter Extraction         : YES
XOR Collapsing                     : YES
ROM Style                          : Auto
Mux Extraction                     : Yes
Resource Sharing                   : YES
Asynchronous To Synchronous        : NO
Multiplier Style                   : Auto
Automatic Register Balancing       : No

---- Target Options
Add IO Buffers                     : YES
Global Maximum Fanout              : 100000
Add Generic Clock Buffer(BUFG)     : 24
Register Duplication               : YES
Slice Packing                      : YES
Optimize Instantiated Primitives   : NO
Use Clock Enable                   : Yes
Use Synchronous Set                : Yes
Use Synchronous Reset              : Yes
Pack IO Registers into IOBs        : Auto
Equivalent register Removal        : YES

---- General Options
Optimization Goal                  : Speed
Optimization Effort                : 1
Keep Hierarchy                     : No
Netlist Hierarchy                  : As_Optimized
RTL Output                         : Yes
Global Optimization                : AllClockNets
Read Cores                         : YES
Write Timing Constraints           : NO
Cross Clock Analysis               : NO
Hierarchy Separator                : /
Bus Delimiter                      : <>
Case Specifier                     : Maintain
Slice Utilization Ratio            : 100
BRAM Utilization Ratio             : 100
Verilog 2001                       : YES
Auto BRAM Packing                  : NO
Slice Utilization Ratio Delta      : 5

---- Other Options
Cores Search Directories           : {"ipcore_dir"  }

=========================================================================


=========================================================================
*                          HDL Compilation                              *
=========================================================================
Compiling verilog file "ipcore_dir/imem_core.v" in library work
Compiling verilog file "ipcore_dir/dmem_core.v" in library work
Module <imem_core> compiled
Compiling verilog file "../regfile.v" in library work
Compiling verilog include file "../params.v"
Module <dmem_core> compiled
Compiling verilog file "../imem.v" in library work
Compiling verilog include file "../params.v"
Module <regfile> compiled
Compiling verilog file "ipcore_dir/vio2.v" in library work
Module <imem> compiled
Compiling verilog file "ipcore_dir/icon2.v" in library work
Module <vio2> compiled
Compiling verilog file "../dmem.v" in library work
Compiling verilog include file "../params.v"
Module <icon2> compiled
Compiling verilog file "../top.v" in library work
Module <dmem> compiled
Module <top> compiled
No errors in compilation
Analysis of file <"top.prj"> succeeded.
 

=========================================================================
*                     Design Hierarchy Analysis                         *
=========================================================================
Analyzing hierarchy for module <top> in library <work>.

Analyzing hierarchy for module <dmem> in library <work>.

Analyzing hierarchy for module <imem> in library <work>.

Analyzing hierarchy for module <regfile> in library <work>.


=========================================================================
*                            HDL Analysis                               *
=========================================================================
Analyzing top module <top>.
WARNING:Xst:2211 - "ipcore_dir/icon2.v" line 69: Instantiating black box module <icon2>.
WARNING:Xst:2211 - "ipcore_dir/vio2.v" line 73: Instantiating black box module <vio2>.
Module <top> is correct for synthesis.
 
    Set user-defined property "SYN_BLACK_BOX =  1" for instance <icon_instance> in unit <top>.
    Set user-defined property "SYN_NOPRUNE =  1" for instance <icon_instance> in unit <top>.
    Set user-defined property "SYN_BLACK_BOX =  1" for instance <vio_instance> in unit <top>.
    Set user-defined property "SYN_NOPRUNE =  1" for instance <vio_instance> in unit <top>.
Analyzing module <dmem> in library <work>.
WARNING:Xst:2211 - "ipcore_dir/dmem_core.v" line 55: Instantiating black box module <dmem_core>.
WARNING:Xst:2211 - "ipcore_dir/dmem_core.v" line 64: Instantiating black box module <dmem_core>.
WARNING:Xst:2211 - "ipcore_dir/dmem_core.v" line 73: Instantiating black box module <dmem_core>.
WARNING:Xst:2211 - "ipcore_dir/dmem_core.v" line 83: Instantiating black box module <dmem_core>.
Module <dmem> is correct for synthesis.
 
Analyzing module <imem> in library <work>.
WARNING:Xst:2211 - "ipcore_dir/imem_core.v" line 36: Instantiating black box module <imem_core>.
Module <imem> is correct for synthesis.
 
Analyzing module <regfile> in library <work>.
Module <regfile> is correct for synthesis.
 
    Set property "SYN_NOPRUNE = 1" for unit <icon2>.
    Set property "SYN_NOPRUNE = 1" for unit <vio2>.

=========================================================================
*                           HDL Synthesis                               *
=========================================================================

Performing bidirectional port resolution...

Synthesizing Unit <regfile>.
    Related source file is "../regfile.v".
    Found 32x32-bit dual-port RAM <Mram_regfile> for signal <regfile>.
    Found 32x32-bit dual-port RAM <Mram_regfile_ren> for signal <regfile>.
    Summary:
	inferred   2 RAM(s).
Unit <regfile> synthesized.


Synthesizing Unit <dmem>.
    Related source file is "../dmem.v".
WARNING:Xst:647 - Input <daddr<31:12>> is never used. This port will be preserved and left unconnected if it belongs to a top-level block or it belongs to a sub-block and the hierarchy of this sub-block is preserved.
WARNING:Xst:737 - Found 32-bit latch for signal <outdata>. Latches may be generated from incomplete case or if statements. We do not recommend the use of latches in FPGA/CPLD designs, as they may lead to timing problems.
INFO:Xst:2371 - HDL ADVISOR - Logic functions respectively driving the data and gate enable inputs of this latch share common terms. This situation will potentially lead to setup/hold violations and, as a result, to simulation problems. This situation may come from an incomplete case statement (all selector values are not covered). You should carefully review if it was in your intentions to describe such a latch.
    Found 32-bit 4-to-1 multiplexer for signal <outdata$mux0000>.
    Found 32-bit 4-to-1 multiplexer for signal <outdata$mux0001>.
    Found 1-bit 4-to-1 multiplexer for signal <wea>.
    Found 1-bit 4-to-1 multiplexer for signal <web>.
    Found 1-bit 4-to-1 multiplexer for signal <wec>.
    Found 1-bit 4-to-1 multiplexer for signal <wed>.
    Summary:
	inferred  68 Multiplexer(s).
Unit <dmem> synthesized.


Synthesizing Unit <imem>.
    Related source file is "../imem.v".
WARNING:Xst:647 - Input <iaddr<31:10>> is never used. This port will be preserved and left unconnected if it belongs to a top-level block or it belongs to a sub-block and the hierarchy of this sub-block is preserved.
Unit <imem> synthesized.


Synthesizing Unit <top>.
    Related source file is "../top.v".
WARNING:Xst:647 - Input <clkA> is never used. This port will be preserved and left unconnected if it belongs to a top-level block or it belongs to a sub-block and the hierarchy of this sub-block is preserved.
WARNING:Xst:1780 - Signal <ila_control> is never used or assigned. This unconnected signal will be trimmed during the optimization process.
Unit <top> synthesized.


=========================================================================
HDL Synthesis Report

Macro Statistics
# RAMs                                                 : 2
 32x32-bit dual-port RAM                               : 2
# Latches                                              : 1
 32-bit latch                                          : 1
# Multiplexers                                         : 6
 1-bit 4-to-1 multiplexer                              : 4
 32-bit 4-to-1 multiplexer                             : 2

=========================================================================

=========================================================================
*                       Advanced HDL Synthesis                          *
=========================================================================

Reading core <ipcore_dir/icon2.ngc>.
Reading core <ipcore_dir/vio2.ngc>.
Reading core <ipcore_dir/imem_core.ngc>.
Reading core <ipcore_dir/dmem_core.ngc>.
Loading core <icon2> for timing and area information for instance <icon_instance>.
Loading core <vio2> for timing and area information for instance <vio_instance>.
Loading core <imem_core> for timing and area information for instance <imem_inst>.
Loading core <dmem_core> for timing and area information for instance <dmem_inst_1>.
Loading core <dmem_core> for timing and area information for instance <dmem_inst_2>.
Loading core <dmem_core> for timing and area information for instance <dmem_inst_3>.
Loading core <dmem_core> for timing and area information for instance <dmem_inst_4>.

Synthesizing (advanced) Unit <regfile>.
INFO:Xst:3218 - HDL ADVISOR - The RAM <Mram_regfile> will be implemented on LUTs either because you have described an asynchronous read or because of currently unsupported block RAM features. If you have described an asynchronous read, making it synchronous would allow you to take advantage of available block RAM resources, for optimized device usage and improved timings. Please refer to your documentation for coding guidelines.
    -----------------------------------------------------------------------
    | ram_type           | Distributed                         |          |
    -----------------------------------------------------------------------
    | Port A                                                              |
    |     aspect ratio   | 32-word x 32-bit                    |          |
    |     clkA           | connected to signal <clk>           | rise     |
    |     weA            | connected to signal <we>            | high     |
    |     addrA          | connected to signal <rd>            |          |
    |     diA            | connected to signal <indata>        |          |
    -----------------------------------------------------------------------
    | Port B                                                              |
    |     aspect ratio   | 32-word x 32-bit                    |          |
    |     addrB          | connected to signal <rs1>           |          |
    |     doB            | connected to signal <rv1>           |          |
    -----------------------------------------------------------------------
INFO:Xst:3218 - HDL ADVISOR - The RAM <Mram_regfile_ren> will be implemented on LUTs either because you have described an asynchronous read or because of currently unsupported block RAM features. If you have described an asynchronous read, making it synchronous would allow you to take advantage of available block RAM resources, for optimized device usage and improved timings. Please refer to your documentation for coding guidelines.
    -----------------------------------------------------------------------
    | ram_type           | Distributed                         |          |
    -----------------------------------------------------------------------
    | Port A                                                              |
    |     aspect ratio   | 32-word x 32-bit                    |          |
    |     clkA           | connected to signal <clk>           | rise     |
    |     weA            | connected to signal <we>            | high     |
    |     addrA          | connected to signal <rd>            |          |
    |     diA            | connected to signal <indata>        |          |
    -----------------------------------------------------------------------
    | Port B                                                              |
    |     aspect ratio   | 32-word x 32-bit                    |          |
    |     addrB          | connected to signal <rs2>           |          |
    |     doB            | connected to signal <rv2>           |          |
    -----------------------------------------------------------------------
Unit <regfile> synthesized (advanced).

=========================================================================
Advanced HDL Synthesis Report

Macro Statistics
# RAMs                                                 : 2
 32x32-bit dual-port distributed RAM                   : 2
# Latches                                              : 1
 32-bit latch                                          : 1
# Multiplexers                                         : 6
 1-bit 4-to-1 multiplexer                              : 4
 32-bit 4-to-1 multiplexer                             : 2

=========================================================================

=========================================================================
*                         Low Level Synthesis                           *
=========================================================================

Optimizing unit <top> ...

Optimizing unit <dmem> ...

Mapping all equations...
Building and optimizing final netlist ...
Found area constraint ratio of 100 (+ 5) on block top, actual ratio is 22.

Final Macro Processing ...

=========================================================================
Final Register Report

Found no macro
=========================================================================

=========================================================================
*                           Partition Report                            *
=========================================================================

Partition Implementation Status
-------------------------------

  No Partitions were found in this design.

-------------------------------

=========================================================================
*                            Final Report                               *
=========================================================================
Final Results
RTL Top Level Output File Name     : top.ngr
Top Level Output File Name         : top
Output Format                      : NGC
Optimization Goal                  : Speed
Keep Hierarchy                     : No

Design Statistics
# IOs                              : 1

Cell Usage :
# BELS                             : 822
#      GND                         : 8
#      INV                         : 134
#      LUT1                        : 14
#      LUT2                        : 9
#      LUT3                        : 489
#      LUT4                        : 120
#      MUXCY_L                     : 12
#      MUXF5                       : 13
#      MUXF6                       : 2
#      VCC                         : 7
#      XORCY                       : 14
# FlipFlops/Latches                : 1437
#      FDC                         : 1
#      FDCE                        : 266
#      FDE                         : 966
#      FDR                         : 8
#      FDRE                        : 164
#      LD                          : 32
# RAMS                             : 134
#      RAM16X1D                    : 128
#      RAMB16_S18_S18              : 6
# Clock Buffers                    : 3
#      BUFG                        : 3
# Others                           : 3
#      BSCAN_SPARTAN3              : 1
#      TIMESPEC                    : 2
=========================================================================

Device utilization summary:
---------------------------

Selected Device : 3s500efg320-5 

 Number of Slices:                     1059  out of   4656    22%  
 Number of Slice Flip Flops:           1437  out of   9312    15%  
 Number of 4 input LUTs:               1022  out of   9312    10%  
    Number used as logic:               766
    Number used as RAMs:                256
 Number of IOs:                           1
 Number of bonded IOBs:                   0  out of    232     0%  
 Number of BRAMs:                         6  out of     20    30%  
 Number of GCLKs:                         3  out of     24    12%  

---------------------------
Partition Resource Summary:
---------------------------

  No Partitions were found in this design.

---------------------------


=========================================================================
TIMING REPORT

NOTE: THESE TIMING NUMBERS ARE ONLY A SYNTHESIS ESTIMATE.
      FOR ACCURATE TIMING INFORMATION PLEASE REFER TO THE TRACE REPORT
      GENERATED AFTER PLACE-and-ROUTE.

Clock Information:
------------------
----------------------------------------------------------------+---------------------------------------------------------------------------------------------------------------------------------------------------+-------+
Clock Signal                                                    | Clock buffer(FF name)                                                                                                                             | Load  |
----------------------------------------------------------------+---------------------------------------------------------------------------------------------------------------------------------------------------+-------+
icon_instance/U0/U_ICON/I_YES_BSCAN.U_BS/DRCK1                  | BUFG                                                                                                                                              | 1148  |
icon_instance/U0/iUPDATE_OUT                                    | NONE(icon_instance/U0/U_ICON/U_iDATA_CMD)                                                                                                         | 1     |
imem_instance/imem_inst/douta<0>                                | NONE(vio_instance/U0/I_VIO/GEN_ASYNC_IN[0].ASYNC_IN_CELL/U_RISING)                                                                                | 2     |
imem_instance/imem_inst/douta<1>                                | NONE(vio_instance/U0/I_VIO/GEN_ASYNC_IN[1].ASYNC_IN_CELL/U_RISING)                                                                                | 2     |
imem_instance/imem_inst/douta<2>                                | NONE(vio_instance/U0/I_VIO/GEN_ASYNC_IN[2].ASYNC_IN_CELL/U_RISING)                                                                                | 2     |
imem_instance/imem_inst/douta<3>                                | NONE(vio_instance/U0/I_VIO/GEN_ASYNC_IN[3].ASYNC_IN_CELL/U_RISING)                                                                                | 2     |
imem_instance/imem_inst/douta<4>                                | NONE(vio_instance/U0/I_VIO/GEN_ASYNC_IN[4].ASYNC_IN_CELL/U_RISING)                                                                                | 2     |
imem_instance/imem_inst/douta<5>                                | NONE(vio_instance/U0/I_VIO/GEN_ASYNC_IN[5].ASYNC_IN_CELL/U_RISING)                                                                                | 2     |
imem_instance/imem_inst/douta<6>                                | NONE(vio_instance/U0/I_VIO/GEN_ASYNC_IN[6].ASYNC_IN_CELL/U_RISING)                                                                                | 2     |
imem_instance/imem_inst/douta<7>                                | NONE(vio_instance/U0/I_VIO/GEN_ASYNC_IN[7].ASYNC_IN_CELL/U_RISING)                                                                                | 2     |
imem_instance/imem_inst/douta<8>                                | NONE(vio_instance/U0/I_VIO/GEN_ASYNC_IN[8].ASYNC_IN_CELL/U_RISING)                                                                                | 2     |
imem_instance/imem_inst/douta<9>                                | NONE(vio_instance/U0/I_VIO/GEN_ASYNC_IN[9].ASYNC_IN_CELL/U_RISING)                                                                                | 2     |
imem_instance/imem_inst/douta<10>                               | NONE(vio_instance/U0/I_VIO/GEN_ASYNC_IN[10].ASYNC_IN_CELL/U_RISING)                                                                               | 2     |
imem_instance/imem_inst/douta<11>                               | NONE(vio_instance/U0/I_VIO/GEN_ASYNC_IN[11].ASYNC_IN_CELL/U_RISING)                                                                               | 2     |
imem_instance/imem_inst/douta<12>                               | NONE(vio_instance/U0/I_VIO/GEN_ASYNC_IN[12].ASYNC_IN_CELL/U_RISING)                                                                               | 2     |
imem_instance/imem_inst/douta<13>                               | NONE(vio_instance/U0/I_VIO/GEN_ASYNC_IN[13].ASYNC_IN_CELL/U_RISING)                                                                               | 2     |
imem_instance/imem_inst/douta<14>                               | NONE(vio_instance/U0/I_VIO/GEN_ASYNC_IN[14].ASYNC_IN_CELL/U_RISING)                                                                               | 2     |
imem_instance/imem_inst/douta<15>                               | NONE(vio_instance/U0/I_VIO/GEN_ASYNC_IN[15].ASYNC_IN_CELL/U_RISING)                                                                               | 2     |
imem_instance/imem_inst/douta<16>                               | NONE(vio_instance/U0/I_VIO/GEN_ASYNC_IN[16].ASYNC_IN_CELL/U_RISING)                                                                               | 2     |
imem_instance/imem_inst/douta<17>                               | NONE(vio_instance/U0/I_VIO/GEN_ASYNC_IN[17].ASYNC_IN_CELL/U_RISING)                                                                               | 2     |
imem_instance/imem_inst/douta<18>                               | NONE(vio_instance/U0/I_VIO/GEN_ASYNC_IN[18].ASYNC_IN_CELL/U_RISING)                                                                               | 2     |
imem_instance/imem_inst/douta<19>                               | NONE(vio_instance/U0/I_VIO/GEN_ASYNC_IN[19].ASYNC_IN_CELL/U_RISING)                                                                               | 2     |
imem_instance/imem_inst/douta<20>                               | NONE(vio_instance/U0/I_VIO/GEN_ASYNC_IN[20].ASYNC_IN_CELL/U_RISING)                                                                               | 2     |
imem_instance/imem_inst/douta<21>                               | NONE(vio_instance/U0/I_VIO/GEN_ASYNC_IN[21].ASYNC_IN_CELL/U_RISING)                                                                               | 2     |
imem_instance/imem_inst/douta<22>                               | NONE(vio_instance/U0/I_VIO/GEN_ASYNC_IN[22].ASYNC_IN_CELL/U_RISING)                                                                               | 2     |
imem_instance/imem_inst/douta<23>                               | NONE(vio_instance/U0/I_VIO/GEN_ASYNC_IN[23].ASYNC_IN_CELL/U_RISING)                                                                               | 2     |
imem_instance/imem_inst/douta<24>                               | NONE(vio_instance/U0/I_VIO/GEN_ASYNC_IN[24].ASYNC_IN_CELL/U_RISING)                                                                               | 2     |
imem_instance/imem_inst/douta<25>                               | NONE(vio_instance/U0/I_VIO/GEN_ASYNC_IN[25].ASYNC_IN_CELL/U_RISING)                                                                               | 2     |
imem_instance/imem_inst/douta<26>                               | NONE(vio_instance/U0/I_VIO/GEN_ASYNC_IN[26].ASYNC_IN_CELL/U_RISING)                                                                               | 2     |
imem_instance/imem_inst/douta<27>                               | NONE(vio_instance/U0/I_VIO/GEN_ASYNC_IN[27].ASYNC_IN_CELL/U_RISING)                                                                               | 2     |
imem_instance/imem_inst/douta<28>                               | NONE(vio_instance/U0/I_VIO/GEN_ASYNC_IN[28].ASYNC_IN_CELL/U_RISING)                                                                               | 2     |
imem_instance/imem_inst/douta<29>                               | NONE(vio_instance/U0/I_VIO/GEN_ASYNC_IN[29].ASYNC_IN_CELL/U_RISING)                                                                               | 2     |
imem_instance/imem_inst/douta<30>                               | NONE(vio_instance/U0/I_VIO/GEN_ASYNC_IN[30].ASYNC_IN_CELL/U_RISING)                                                                               | 2     |
imem_instance/imem_inst/douta<31>                               | NONE(vio_instance/U0/I_VIO/GEN_ASYNC_IN[31].ASYNC_IN_CELL/U_RISING)                                                                               | 2     |
dmem_instance/outdata_0                                         | NONE(vio_instance/U0/I_VIO/GEN_ASYNC_IN[32].ASYNC_IN_CELL/U_RISING)                                                                               | 2     |
dmem_instance/outdata_1                                         | NONE(vio_instance/U0/I_VIO/GEN_ASYNC_IN[33].ASYNC_IN_CELL/U_RISING)                                                                               | 2     |
dmem_instance/outdata_2                                         | NONE(vio_instance/U0/I_VIO/GEN_ASYNC_IN[34].ASYNC_IN_CELL/U_RISING)                                                                               | 2     |
dmem_instance/outdata_3                                         | NONE(vio_instance/U0/I_VIO/GEN_ASYNC_IN[35].ASYNC_IN_CELL/U_RISING)                                                                               | 2     |
dmem_instance/outdata_4                                         | NONE(vio_instance/U0/I_VIO/GEN_ASYNC_IN[36].ASYNC_IN_CELL/U_RISING)                                                                               | 2     |
dmem_instance/outdata_5                                         | NONE(vio_instance/U0/I_VIO/GEN_ASYNC_IN[37].ASYNC_IN_CELL/U_RISING)                                                                               | 2     |
dmem_instance/outdata_6                                         | NONE(vio_instance/U0/I_VIO/GEN_ASYNC_IN[38].ASYNC_IN_CELL/U_RISING)                                                                               | 2     |
dmem_instance/outdata_7                                         | NONE(vio_instance/U0/I_VIO/GEN_ASYNC_IN[39].ASYNC_IN_CELL/U_RISING)                                                                               | 2     |
dmem_instance/outdata_8                                         | NONE(vio_instance/U0/I_VIO/GEN_ASYNC_IN[40].ASYNC_IN_CELL/U_RISING)                                                                               | 2     |
dmem_instance/outdata_9                                         | NONE(vio_instance/U0/I_VIO/GEN_ASYNC_IN[41].ASYNC_IN_CELL/U_RISING)                                                                               | 2     |
dmem_instance/outdata_10                                        | NONE(vio_instance/U0/I_VIO/GEN_ASYNC_IN[42].ASYNC_IN_CELL/U_RISING)                                                                               | 2     |
dmem_instance/outdata_11                                        | NONE(vio_instance/U0/I_VIO/GEN_ASYNC_IN[43].ASYNC_IN_CELL/U_RISING)                                                                               | 2     |
dmem_instance/outdata_12                                        | NONE(vio_instance/U0/I_VIO/GEN_ASYNC_IN[44].ASYNC_IN_CELL/U_RISING)                                                                               | 2     |
dmem_instance/outdata_13                                        | NONE(vio_instance/U0/I_VIO/GEN_ASYNC_IN[45].ASYNC_IN_CELL/U_RISING)                                                                               | 2     |
dmem_instance/outdata_14                                        | NONE(vio_instance/U0/I_VIO/GEN_ASYNC_IN[46].ASYNC_IN_CELL/U_RISING)                                                                               | 2     |
dmem_instance/outdata_15                                        | NONE(vio_instance/U0/I_VIO/GEN_ASYNC_IN[47].ASYNC_IN_CELL/U_RISING)                                                                               | 2     |
dmem_instance/outdata_16                                        | NONE(vio_instance/U0/I_VIO/GEN_ASYNC_IN[48].ASYNC_IN_CELL/U_RISING)                                                                               | 2     |
dmem_instance/outdata_17                                        | NONE(vio_instance/U0/I_VIO/GEN_ASYNC_IN[49].ASYNC_IN_CELL/U_RISING)                                                                               | 2     |
dmem_instance/outdata_18                                        | NONE(vio_instance/U0/I_VIO/GEN_ASYNC_IN[50].ASYNC_IN_CELL/U_RISING)                                                                               | 2     |
dmem_instance/outdata_19                                        | NONE(vio_instance/U0/I_VIO/GEN_ASYNC_IN[51].ASYNC_IN_CELL/U_RISING)                                                                               | 2     |
dmem_instance/outdata_20                                        | NONE(vio_instance/U0/I_VIO/GEN_ASYNC_IN[52].ASYNC_IN_CELL/U_RISING)                                                                               | 2     |
dmem_instance/outdata_21                                        | NONE(vio_instance/U0/I_VIO/GEN_ASYNC_IN[53].ASYNC_IN_CELL/U_RISING)                                                                               | 2     |
dmem_instance/outdata_22                                        | NONE(vio_instance/U0/I_VIO/GEN_ASYNC_IN[54].ASYNC_IN_CELL/U_RISING)                                                                               | 2     |
dmem_instance/outdata_23                                        | NONE(vio_instance/U0/I_VIO/GEN_ASYNC_IN[55].ASYNC_IN_CELL/U_RISING)                                                                               | 2     |
dmem_instance/outdata_24                                        | NONE(vio_instance/U0/I_VIO/GEN_ASYNC_IN[56].ASYNC_IN_CELL/U_RISING)                                                                               | 2     |
dmem_instance/outdata_25                                        | NONE(vio_instance/U0/I_VIO/GEN_ASYNC_IN[57].ASYNC_IN_CELL/U_RISING)                                                                               | 2     |
dmem_instance/outdata_26                                        | NONE(vio_instance/U0/I_VIO/GEN_ASYNC_IN[58].ASYNC_IN_CELL/U_RISING)                                                                               | 2     |
dmem_instance/outdata_27                                        | NONE(vio_instance/U0/I_VIO/GEN_ASYNC_IN[59].ASYNC_IN_CELL/U_RISING)                                                                               | 2     |
dmem_instance/outdata_28                                        | NONE(vio_instance/U0/I_VIO/GEN_ASYNC_IN[60].ASYNC_IN_CELL/U_RISING)                                                                               | 2     |
dmem_instance/outdata_29                                        | NONE(vio_instance/U0/I_VIO/GEN_ASYNC_IN[61].ASYNC_IN_CELL/U_RISING)                                                                               | 2     |
dmem_instance/outdata_30                                        | NONE(vio_instance/U0/I_VIO/GEN_ASYNC_IN[62].ASYNC_IN_CELL/U_RISING)                                                                               | 2     |
dmem_instance/outdata_31                                        | NONE(vio_instance/U0/I_VIO/GEN_ASYNC_IN[63].ASYNC_IN_CELL/U_RISING)                                                                               | 2     |
rv2<0>(inst_LPM_MUX3211:O)                                      | NONE(*)(vio_instance/U0/I_VIO/GEN_ASYNC_IN[64].ASYNC_IN_CELL/U_RISING)                                                                            | 2     |
rv2<1>(inst_LPM_MUX3311:O)                                      | NONE(*)(vio_instance/U0/I_VIO/GEN_ASYNC_IN[65].ASYNC_IN_CELL/U_RISING)                                                                            | 2     |
rv2<2>(inst_LPM_MUX3411:O)                                      | NONE(*)(vio_instance/U0/I_VIO/GEN_ASYNC_IN[66].ASYNC_IN_CELL/U_RISING)                                                                            | 2     |
rv2<3>(inst_LPM_MUX3511:O)                                      | NONE(*)(vio_instance/U0/I_VIO/GEN_ASYNC_IN[67].ASYNC_IN_CELL/U_RISING)                                                                            | 2     |
rv2<4>(inst_LPM_MUX3611:O)                                      | NONE(*)(vio_instance/U0/I_VIO/GEN_ASYNC_IN[68].ASYNC_IN_CELL/U_RISING)                                                                            | 2     |
rv2<5>(inst_LPM_MUX3711:O)                                      | NONE(*)(vio_instance/U0/I_VIO/GEN_ASYNC_IN[69].ASYNC_IN_CELL/U_RISING)                                                                            | 2     |
rv2<6>(inst_LPM_MUX3811:O)                                      | NONE(*)(vio_instance/U0/I_VIO/GEN_ASYNC_IN[70].ASYNC_IN_CELL/U_RISING)                                                                            | 2     |
rv2<7>(inst_LPM_MUX3911:O)                                      | NONE(*)(vio_instance/U0/I_VIO/GEN_ASYNC_IN[71].ASYNC_IN_CELL/U_RISING)                                                                            | 2     |
rv2<8>(inst_LPM_MUX4011:O)                                      | NONE(*)(vio_instance/U0/I_VIO/GEN_ASYNC_IN[72].ASYNC_IN_CELL/U_RISING)                                                                            | 2     |
rv2<9>(inst_LPM_MUX41111:O)                                     | NONE(*)(vio_instance/U0/I_VIO/GEN_ASYNC_IN[73].ASYNC_IN_CELL/U_RISING)                                                                            | 2     |
rv2<10>(inst_LPM_MUX4211:O)                                     | NONE(*)(vio_instance/U0/I_VIO/GEN_ASYNC_IN[74].ASYNC_IN_CELL/U_RISING)                                                                            | 2     |
rv2<11>(inst_LPM_MUX4311:O)                                     | NONE(*)(vio_instance/U0/I_VIO/GEN_ASYNC_IN[75].ASYNC_IN_CELL/U_RISING)                                                                            | 2     |
rv2<12>(inst_LPM_MUX4411:O)                                     | NONE(*)(vio_instance/U0/I_VIO/GEN_ASYNC_IN[76].ASYNC_IN_CELL/U_RISING)                                                                            | 2     |
rv2<13>(inst_LPM_MUX4511:O)                                     | NONE(*)(vio_instance/U0/I_VIO/GEN_ASYNC_IN[77].ASYNC_IN_CELL/U_RISING)                                                                            | 2     |
rv2<14>(inst_LPM_MUX4611:O)                                     | NONE(*)(vio_instance/U0/I_VIO/GEN_ASYNC_IN[78].ASYNC_IN_CELL/U_RISING)                                                                            | 2     |
rv2<15>(inst_LPM_MUX4711:O)                                     | NONE(*)(vio_instance/U0/I_VIO/GEN_ASYNC_IN[79].ASYNC_IN_CELL/U_RISING)                                                                            | 2     |
rv2<16>(inst_LPM_MUX4811:O)                                     | NONE(*)(vio_instance/U0/I_VIO/GEN_ASYNC_IN[80].ASYNC_IN_CELL/U_RISING)                                                                            | 2     |
rv2<17>(inst_LPM_MUX4911:O)                                     | NONE(*)(vio_instance/U0/I_VIO/GEN_ASYNC_IN[81].ASYNC_IN_CELL/U_RISING)                                                                            | 2     |
rv2<18>(inst_LPM_MUX5011:O)                                     | NONE(*)(vio_instance/U0/I_VIO/GEN_ASYNC_IN[82].ASYNC_IN_CELL/U_RISING)                                                                            | 2     |
rv2<19>(inst_LPM_MUX51111:O)                                    | NONE(*)(vio_instance/U0/I_VIO/GEN_ASYNC_IN[83].ASYNC_IN_CELL/U_RISING)                                                                            | 2     |
rv2<20>(inst_LPM_MUX5211:O)                                     | NONE(*)(vio_instance/U0/I_VIO/GEN_ASYNC_IN[84].ASYNC_IN_CELL/U_RISING)                                                                            | 2     |
rv2<21>(inst_LPM_MUX5311:O)                                     | NONE(*)(vio_instance/U0/I_VIO/GEN_ASYNC_IN[85].ASYNC_IN_CELL/U_RISING)                                                                            | 2     |
rv2<22>(inst_LPM_MUX5411:O)                                     | NONE(*)(vio_instance/U0/I_VIO/GEN_ASYNC_IN[86].ASYNC_IN_CELL/U_RISING)                                                                            | 2     |
rv2<23>(inst_LPM_MUX5511:O)                                     | NONE(*)(vio_instance/U0/I_VIO/GEN_ASYNC_IN[87].ASYNC_IN_CELL/U_RISING)                                                                            | 2     |
rv2<24>(inst_LPM_MUX5611:O)                                     | NONE(*)(vio_instance/U0/I_VIO/GEN_ASYNC_IN[88].ASYNC_IN_CELL/U_RISING)                                                                            | 2     |
rv2<25>(inst_LPM_MUX5711:O)                                     | NONE(*)(vio_instance/U0/I_VIO/GEN_ASYNC_IN[89].ASYNC_IN_CELL/U_RISING)                                                                            | 2     |
rv2<26>(inst_LPM_MUX5811:O)                                     | NONE(*)(vio_instance/U0/I_VIO/GEN_ASYNC_IN[90].ASYNC_IN_CELL/U_RISING)                                                                            | 2     |
rv2<27>(inst_LPM_MUX5911:O)                                     | NONE(*)(vio_instance/U0/I_VIO/GEN_ASYNC_IN[91].ASYNC_IN_CELL/U_RISING)                                                                            | 2     |
rv2<28>(inst_LPM_MUX6011:O)                                     | NONE(*)(vio_instance/U0/I_VIO/GEN_ASYNC_IN[92].ASYNC_IN_CELL/U_RISING)                                                                            | 2     |
rv2<29>(inst_LPM_MUX61111:O)                                    | NONE(*)(vio_instance/U0/I_VIO/GEN_ASYNC_IN[93].ASYNC_IN_CELL/U_RISING)                                                                            | 2     |
rv2<30>(inst_LPM_MUX6211:O)                                     | NONE(*)(vio_instance/U0/I_VIO/GEN_ASYNC_IN[94].ASYNC_IN_CELL/U_RISING)                                                                            | 2     |
rv2<31>(inst_LPM_MUX6311:O)                                     | NONE(*)(vio_instance/U0/I_VIO/GEN_ASYNC_IN[95].ASYNC_IN_CELL/U_RISING)                                                                            | 2     |
rv1<0>(inst_LPM_MUX1101:O)                                      | NONE(*)(vio_instance/U0/I_VIO/GEN_ASYNC_IN[96].ASYNC_IN_CELL/U_RISING)                                                                            | 2     |
rv1<1>(inst_LPM_MUX1111:O)                                      | NONE(*)(vio_instance/U0/I_VIO/GEN_ASYNC_IN[97].ASYNC_IN_CELL/U_RISING)                                                                            | 2     |
rv1<2>(inst_LPM_MUX2111:O)                                      | NONE(*)(vio_instance/U0/I_VIO/GEN_ASYNC_IN[98].ASYNC_IN_CELL/U_RISING)                                                                            | 2     |
rv1<3>(inst_LPM_MUX3111:O)                                      | NONE(*)(vio_instance/U0/I_VIO/GEN_ASYNC_IN[99].ASYNC_IN_CELL/U_RISING)                                                                            | 2     |
rv1<4>(inst_LPM_MUX4111:O)                                      | NONE(*)(vio_instance/U0/I_VIO/GEN_ASYNC_IN[100].ASYNC_IN_CELL/U_RISING)                                                                           | 2     |
rv1<5>(inst_LPM_MUX5111:O)                                      | NONE(*)(vio_instance/U0/I_VIO/GEN_ASYNC_IN[101].ASYNC_IN_CELL/U_RISING)                                                                           | 2     |
rv1<6>(inst_LPM_MUX6111:O)                                      | NONE(*)(vio_instance/U0/I_VIO/GEN_ASYNC_IN[102].ASYNC_IN_CELL/U_RISING)                                                                           | 2     |
rv1<7>(inst_LPM_MUX711:O)                                       | NONE(*)(vio_instance/U0/I_VIO/GEN_ASYNC_IN[103].ASYNC_IN_CELL/U_RISING)                                                                           | 2     |
rv1<8>(inst_LPM_MUX811:O)                                       | NONE(*)(vio_instance/U0/I_VIO/GEN_ASYNC_IN[104].ASYNC_IN_CELL/U_RISING)                                                                           | 2     |
rv1<9>(inst_LPM_MUX911:O)                                       | NONE(*)(vio_instance/U0/I_VIO/GEN_ASYNC_IN[105].ASYNC_IN_CELL/U_RISING)                                                                           | 2     |
rv1<10>(inst_LPM_MUX1011:O)                                     | NONE(*)(vio_instance/U0/I_VIO/GEN_ASYNC_IN[106].ASYNC_IN_CELL/U_RISING)                                                                           | 2     |
rv1<11>(inst_LPM_MUX11111:O)                                    | NONE(*)(vio_instance/U0/I_VIO/GEN_ASYNC_IN[107].ASYNC_IN_CELL/U_RISING)                                                                           | 2     |
rv1<12>(inst_LPM_MUX1211:O)                                     | NONE(*)(vio_instance/U0/I_VIO/GEN_ASYNC_IN[108].ASYNC_IN_CELL/U_RISING)                                                                           | 2     |
rv1<13>(inst_LPM_MUX1311:O)                                     | NONE(*)(vio_instance/U0/I_VIO/GEN_ASYNC_IN[109].ASYNC_IN_CELL/U_RISING)                                                                           | 2     |
rv1<14>(inst_LPM_MUX1411:O)                                     | NONE(*)(vio_instance/U0/I_VIO/GEN_ASYNC_IN[110].ASYNC_IN_CELL/U_RISING)                                                                           | 2     |
rv1<15>(inst_LPM_MUX1511:O)                                     | NONE(*)(vio_instance/U0/I_VIO/GEN_ASYNC_IN[111].ASYNC_IN_CELL/U_RISING)                                                                           | 2     |
rv1<16>(inst_LPM_MUX1611:O)                                     | NONE(*)(vio_instance/U0/I_VIO/GEN_ASYNC_IN[112].ASYNC_IN_CELL/U_RISING)                                                                           | 2     |
rv1<17>(inst_LPM_MUX1711:O)                                     | NONE(*)(vio_instance/U0/I_VIO/GEN_ASYNC_IN[113].ASYNC_IN_CELL/U_RISING)                                                                           | 2     |
rv1<18>(inst_LPM_MUX1811:O)                                     | NONE(*)(vio_instance/U0/I_VIO/GEN_ASYNC_IN[114].ASYNC_IN_CELL/U_RISING)                                                                           | 2     |
rv1<19>(inst_LPM_MUX1911:O)                                     | NONE(*)(vio_instance/U0/I_VIO/GEN_ASYNC_IN[115].ASYNC_IN_CELL/U_RISING)                                                                           | 2     |
rv1<20>(inst_LPM_MUX2011:O)                                     | NONE(*)(vio_instance/U0/I_VIO/GEN_ASYNC_IN[116].ASYNC_IN_CELL/U_RISING)                                                                           | 2     |
rv1<21>(inst_LPM_MUX21111:O)                                    | NONE(*)(vio_instance/U0/I_VIO/GEN_ASYNC_IN[117].ASYNC_IN_CELL/U_RISING)                                                                           | 2     |
rv1<22>(inst_LPM_MUX2211:O)                                     | NONE(*)(vio_instance/U0/I_VIO/GEN_ASYNC_IN[118].ASYNC_IN_CELL/U_RISING)                                                                           | 2     |
rv1<23>(inst_LPM_MUX2311:O)                                     | NONE(*)(vio_instance/U0/I_VIO/GEN_ASYNC_IN[119].ASYNC_IN_CELL/U_RISING)                                                                           | 2     |
rv1<24>(inst_LPM_MUX2411:O)                                     | NONE(*)(vio_instance/U0/I_VIO/GEN_ASYNC_IN[120].ASYNC_IN_CELL/U_RISING)                                                                           | 2     |
rv1<25>(inst_LPM_MUX2511:O)                                     | NONE(*)(vio_instance/U0/I_VIO/GEN_ASYNC_IN[121].ASYNC_IN_CELL/U_RISING)                                                                           | 2     |
rv1<26>(inst_LPM_MUX2611:O)                                     | NONE(*)(vio_instance/U0/I_VIO/GEN_ASYNC_IN[122].ASYNC_IN_CELL/U_RISING)                                                                           | 2     |
rv1<27>(inst_LPM_MUX2711:O)                                     | NONE(*)(vio_instance/U0/I_VIO/GEN_ASYNC_IN[123].ASYNC_IN_CELL/U_RISING)                                                                           | 2     |
rv1<28>(inst_LPM_MUX2811:O)                                     | NONE(*)(vio_instance/U0/I_VIO/GEN_ASYNC_IN[124].ASYNC_IN_CELL/U_RISING)                                                                           | 2     |
rv1<29>(inst_LPM_MUX2911:O)                                     | NONE(*)(vio_instance/U0/I_VIO/GEN_ASYNC_IN[125].ASYNC_IN_CELL/U_RISING)                                                                           | 2     |
rv1<30>(inst_LPM_MUX3011:O)                                     | NONE(*)(vio_instance/U0/I_VIO/GEN_ASYNC_IN[126].ASYNC_IN_CELL/U_RISING)                                                                           | 2     |
rv1<31>(inst_LPM_MUX31111:O)                                    | NONE(*)(vio_instance/U0/I_VIO/GEN_ASYNC_IN[127].ASYNC_IN_CELL/U_RISING)                                                                           | 2     |
vio_instance/ASYNC_OUT<0>1                                      | BUFG                                                                                                                                              | 134   |
imem_instance/imem_inst/N1                                      | NONE(imem_instance/imem_inst/U0/xst_blk_mem_generator/gnativebmg.native_blk_mem_gen/valid.cstr/ramloop[0].ram.r/s3_init.ram/dpram.dp18x18.ram)    | 2     |
dmem_instance/outdata_not00011(dmem_instance/outdata_not00011:O)| BUFG(*)(dmem_instance/outdata_31)                                                                                                                 | 32    |
dmem_instance/dmem_inst_4/N1                                    | NONE(dmem_instance/dmem_inst_4/U0/xst_blk_mem_generator/gnativebmg.native_blk_mem_gen/valid.cstr/ramloop[0].ram.r/s3_noinit.ram/dpram.dp18x18.ram)| 1     |
dmem_instance/dmem_inst_3/N1                                    | NONE(dmem_instance/dmem_inst_3/U0/xst_blk_mem_generator/gnativebmg.native_blk_mem_gen/valid.cstr/ramloop[0].ram.r/s3_noinit.ram/dpram.dp18x18.ram)| 1     |
dmem_instance/dmem_inst_2/N1                                    | NONE(dmem_instance/dmem_inst_2/U0/xst_blk_mem_generator/gnativebmg.native_blk_mem_gen/valid.cstr/ramloop[0].ram.r/s3_noinit.ram/dpram.dp18x18.ram)| 1     |
dmem_instance/dmem_inst_1/N1                                    | NONE(dmem_instance/dmem_inst_1/U0/xst_blk_mem_generator/gnativebmg.native_blk_mem_gen/valid.cstr/ramloop[0].ram.r/s3_noinit.ram/dpram.dp18x18.ram)| 1     |
----------------------------------------------------------------+---------------------------------------------------------------------------------------------------------------------------------------------------+-------+
(*) These 65 clock signal(s) are generated by combinatorial logic,
and XST is not able to identify which are the primary clock signals.
Please use the CLOCK_SIGNAL constraint to specify the clock signal(s) generated by combinatorial logic.
INFO:Xst:2169 - HDL ADVISOR - Some clock signals were not automatically buffered by XST with BUFG/BUFR resources. Please use the buffer_type constraint in order to insert these buffers to the clock signals to help prevent skew problems.

Asynchronous Control Signals Information:
----------------------------------------
------------------------------------------------------------------------------+--------------------------------------------------------------------+-------+
Control Signal                                                                | Buffer(FF name)                                                    | Load  |
------------------------------------------------------------------------------+--------------------------------------------------------------------+-------+
vio_instance/U0/I_VIO/RESET(vio_instance/U0/I_VIO/reset_f_edge/I_H2L.U_DOUT:Q)| NONE(vio_instance/U0/I_VIO/GEN_ASYNC_IN[0].ASYNC_IN_CELL/U_FALLING)| 256   |
icon_instance/U0/U_ICON/U_CMD/iSEL_n(icon_instance/U0/U_ICON/U_CMD/U_SEL_n:O) | NONE(icon_instance/U0/U_ICON/U_CMD/G_TARGET[10].I_NE0.U_TARGET)    | 10    |
icon_instance/U0/U_ICON/iSEL_n(icon_instance/U0/U_ICON/U_iSEL_n:O)            | NONE(icon_instance/U0/U_ICON/U_iDATA_CMD)                          | 1     |
------------------------------------------------------------------------------+--------------------------------------------------------------------+-------+

Timing Summary:
---------------
Speed Grade: -5

   Minimum period: 8.501ns (Maximum Frequency: 117.631MHz)
   Minimum input arrival time before clock: 0.625ns
   Maximum output required time after clock: 0.514ns
   Maximum combinational path delay: No path found

=========================================================================
Timing constraint: TS_J_CLK = PERIOD TIMEGRP "J_CLK" 30 nS HIGH 15 nS
  Clock period: 8.501ns (frequency: 117.631MHz)
  Total number of paths / destination ports: 13296 / 1907
  Number of failed paths / ports: 0 (0.00%) / 0 (0.00%)
-------------------------------------------------------------------------
Slack:                  25.018ns
  Source:               vio_instance/U0/I_VIO/U_STATUS/U_STAT_CNT/G[0].U_FDRE (FF)
  Destination:          vio_instance/U0/I_VIO/U_STATUS/U_TDO (FF)
  Data Path Delay:      8.501ns (Levels of Logic = 5)
  Source Clock:         icon_instance/U0/U_ICON/I_YES_BSCAN.U_BS/DRCK1 rising at 0.000ns
  Destination Clock:    icon_instance/U0/U_ICON/I_YES_BSCAN.U_BS/DRCK1 rising at 30.000ns

  Data Path: vio_instance/U0/I_VIO/U_STATUS/U_STAT_CNT/G[0].U_FDRE (FF) to vio_instance/U0/I_VIO/U_STATUS/U_TDO (FF)
                                Gate     Net
    Cell:in->out      fanout   Delay   Delay  Logical Name (Net Name)
    ----------------------------------------  ------------
     FDRE:C->Q             9   0.514   0.849  U0/I_VIO/U_STATUS/U_STAT_CNT/G[0].U_FDRE (U0/I_VIO/U_STATUS/iSTAT_CNT<0>)
     LUT4:I0->O            1   0.612   0.426  U0/I_VIO/U_STATUS/F_STAT[6].I_STAT.U_STAT (U0/I_VIO/U_STATUS/iSTAT<6>)
     LUT3:I1->O            1   0.612   0.000  U0/I_VIO/U_STATUS/U_SMUX/U_CS_MUX/I4.U_MUX16/Mmux_O_7 (U0/I_VIO/U_STATUS/U_SMUX/U_CS_MUX/I4.U_MUX16/Mmux_O_7)
     MUXF5:I1->O           1   0.278   0.000  U0/I_VIO/U_STATUS/U_SMUX/U_CS_MUX/I4.U_MUX16/Mmux_O_6_f5 (U0/I_VIO/U_STATUS/U_SMUX/U_CS_MUX/I4.U_MUX16/Mmux_O_6_f5)
     MUXF6:I1->O           1   0.451   0.360  U0/I_VIO/U_STATUS/U_SMUX/U_CS_MUX/I4.U_MUX16/Mmux_O_5_f6 (U0/I_VIO/U_STATUS/U_SMUX/U_CS_MUX/I4.U_MUX16/Mmux_O_5_f6)
     LUT4:I3->O            1   0.612   0.000  U0/I_VIO/U_STATUS/iSTAT_CNT<7>221 (U0/I_VIO/U_STATUS/TDO_next)
     FDE:D                     0.268          U0/I_VIO/U_STATUS/U_TDO
    ----------------------------------------
    Total                      8.501ns (6.866ns logic, 1.635ns route)
                                       (80.8% logic, 19.2% route)

=========================================================================
Timing constraint: TS_U_TO_J = MAXDELAY FROM TIMEGRP "U_CLK" TO TIMEGRP "J_CLK" 15 nS
  Clock period: 3.016ns (frequency: 331.587MHz)
  Total number of paths / destination ports: 18 / 18
  Number of failed paths / ports: 0 (0.00%) / 0 (0.00%)
-------------------------------------------------------------------------
Slack:                  11.984ns
  Source:               icon_instance/U0/U_ICON/U_iDATA_CMD (FF)
  Destination:          icon_instance/U0/U_ICON/U_SYNC/G_SYNC_WORD[6].I_EQ0.U_FDR (FF)
  Data Path Delay:      3.016ns (Levels of Logic = 1)
  Source Clock:         icon_instance/U0/iUPDATE_OUT rising at 0.000ns
  Destination Clock:    icon_instance/U0/U_ICON/I_YES_BSCAN.U_BS/DRCK1 rising at 15.000ns

  Data Path: icon_instance/U0/U_ICON/U_iDATA_CMD (FF) to icon_instance/U0/U_ICON/U_SYNC/G_SYNC_WORD[6].I_EQ0.U_FDR (FF)
                                Gate     Net
    Cell:in->out      fanout   Delay   Delay  Logical Name (Net Name)
    ----------------------------------------  ------------
     FDC:C->Q              3   0.514   0.451  U0/U_ICON/U_iDATA_CMD (U0/U_ICON/iDATA_CMD)
     INV:I->O              8   0.612   0.643  U0/U_ICON/U_SYNC/U_iDATA_CMD_n (U0/U_ICON/U_SYNC/iDATA_CMD_n)
     FDR:R                     0.795          U0/U_ICON/U_SYNC/G_SYNC_WORD[6].I_EQ0.U_FDR
    ----------------------------------------
    Total                      3.016ns (1.921ns logic, 1.095ns route)
                                       (63.7% logic, 36.3% route)

=========================================================================
Timing constraint: TS_U_TO_U = MAXDELAY FROM TIMEGRP "U_CLK" TO TIMEGRP "U_CLK" 15 nS
  Clock period: 2.202ns (frequency: 454.060MHz)
  Total number of paths / destination ports: 1 / 1
  Number of failed paths / ports: 0 (0.00%) / 0 (0.00%)
-------------------------------------------------------------------------
Slack:                  12.798ns
  Source:               icon_instance/U0/U_ICON/U_iDATA_CMD (FF)
  Destination:          icon_instance/U0/U_ICON/U_iDATA_CMD (FF)
  Data Path Delay:      2.202ns (Levels of Logic = 1)
  Source Clock:         icon_instance/U0/iUPDATE_OUT rising at 0.000ns
  Destination Clock:    icon_instance/U0/iUPDATE_OUT rising at 15.000ns

  Data Path: icon_instance/U0/U_ICON/U_iDATA_CMD (FF) to icon_instance/U0/U_ICON/U_iDATA_CMD (FF)
                                Gate     Net
    Cell:in->out      fanout   Delay   Delay  Logical Name (Net Name)
    ----------------------------------------  ------------
     FDC:C->Q              3   0.514   0.451  U0/U_ICON/U_iDATA_CMD (U0/U_ICON/iDATA_CMD)
     INV:I->O              1   0.612   0.357  U0/U_ICON/U_iDATA_CMD_n (U0/U_ICON/iDATA_CMD_n)
     FDC:D                     0.268          U0/U_ICON/U_iDATA_CMD
    ----------------------------------------
    Total                      2.202ns (1.394ns logic, 0.808ns route)
                                       (63.3% logic, 36.7% route)

=========================================================================
Timing constraint: TS_J_TO_D = FROM TIMEGRP "J_CLK" TO TIMEGRP "D_CLK" TIG;
  Clock period: 5.993ns (frequency: 166.853MHz)
  Total number of paths / destination ports: 11 / 1
  Number of failed paths / ports: 0 (0.00%) / 0 (0.00%)
-------------------------------------------------------------------------
Delay:                  5.993ns
  Source:               icon_instance/U0/U_ICON/U_CMD/G_TARGET[12].I_NE0.U_TARGET (FF)
  Destination:          vio_instance/U0/I_VIO/GEN_ASYNC_IN[0].ASYNC_IN_CELL/S_USER_REG (FF)
  Data Path Delay:      5.993ns (Levels of Logic = 4)
  Source Clock:         icon_instance/U0/U_ICON/I_YES_BSCAN.U_BS/DRCK1 rising at 0.000ns
  Destination Clock:    icon_instance/U0/U_ICON/I_YES_BSCAN.U_BS/DRCK1 rising at 0.000ns

  Data Path: icon_instance/U0/U_ICON/U_CMD/G_TARGET[12].I_NE0.U_TARGET (FF) to vio_instance/U0/I_VIO/GEN_ASYNC_IN[0].ASYNC_IN_CELL/S_USER_REG (FF)
                                Gate     Net
    Cell:in->out      fanout   Delay   Delay  Logical Name (Net Name)
    ----------------------------------------  ------------
     FDCE:C->Q            19   0.514   1.074  U0/U_ICON/U_CMD/G_TARGET[12].I_NE0.U_TARGET (U0/U_ICON/iCORE_ID<0>)
     LUT4:I0->O           32   0.612   1.103  U0/U_ICON/U_CMD/U_CORE_ID_SEL/I4.FI[0].U_LUT (U0/U_ICON/iCORE_ID_SEL<0>)
     LUT4:I2->O          387   0.612   1.198  U0/U_ICON/U_CTRL_OUT/F_NCP[0].F_CMD[3].U_LCE (CONTROL0<7>)
     end scope: 'icon_instance'
     begin scope: 'vio_instance'
     LUT3:I2->O            1   0.612   0.000  U0/I_VIO/GEN_ASYNC_IN[0].ASYNC_IN_CELL/USER_MUX (U0/I_VIO/GEN_ASYNC_IN[0].ASYNC_IN_CELL/mux1_out)
     FDE:D                     0.268          U0/I_VIO/GEN_ASYNC_IN[0].ASYNC_IN_CELL/S_USER_REG
    ----------------------------------------
    Total                      5.993ns (2.618ns logic, 3.375ns route)
                                       (43.7% logic, 56.3% route)

=========================================================================
Timing constraint: TS_D_TO_J = FROM TIMEGRP "D_CLK" TO TIMEGRP "J_CLK" TIG;
  Clock period: 1.903ns (frequency: 525.486MHz)
  Total number of paths / destination ports: 2 / 2
  Number of failed paths / ports: 0 (0.00%) / 0 (0.00%)
-------------------------------------------------------------------------
Delay:                  1.903ns
  Source:               vio_instance/U0/I_VIO/GEN_ASYNC_IN[0].ASYNC_IN_CELL/U_RISING (FF)
  Destination:          vio_instance/U0/I_VIO/GEN_ASYNC_IN[0].ASYNC_IN_CELL/S_ASYNC_R_REG (FF)
  Data Path Delay:      1.903ns (Levels of Logic = 1)
  Source Clock:         imem_instance/imem_inst/douta<0> rising at 0.000ns
  Destination Clock:    icon_instance/U0/U_ICON/I_YES_BSCAN.U_BS/DRCK1 rising at 0.000ns

  Data Path: vio_instance/U0/I_VIO/GEN_ASYNC_IN[0].ASYNC_IN_CELL/U_RISING (FF) to vio_instance/U0/I_VIO/GEN_ASYNC_IN[0].ASYNC_IN_CELL/S_ASYNC_R_REG (FF)
                                Gate     Net
    Cell:in->out      fanout   Delay   Delay  Logical Name (Net Name)
    ----------------------------------------  ------------
     FDCE:C->Q             1   0.514   0.509  U0/I_VIO/GEN_ASYNC_IN[0].ASYNC_IN_CELL/U_RISING (U0/I_VIO/GEN_ASYNC_IN[0].ASYNC_IN_CELL/rising_out)
     LUT3:I0->O            1   0.612   0.000  U0/I_VIO/GEN_ASYNC_IN[0].ASYNC_IN_CELL/ASYNC_R_MUX (U0/I_VIO/GEN_ASYNC_IN[0].ASYNC_IN_CELL/async_mux_r_out)
     FDE:D                     0.268          U0/I_VIO/GEN_ASYNC_IN[0].ASYNC_IN_CELL/S_ASYNC_R_REG
    ----------------------------------------
    Total                      1.903ns (1.394ns logic, 0.509ns route)
                                       (73.3% logic, 26.7% route)

=========================================================================
WARNING:Xst:616 - Invalid property "SYN_BLACK_BOX 1": Did not attach to icon_instance.
WARNING:Xst:616 - Invalid property "SYN_NOPRUNE 1": Did not attach to icon_instance.
WARNING:Xst:616 - Invalid property "SYN_BLACK_BOX 1": Did not attach to vio_instance.
WARNING:Xst:616 - Invalid property "SYN_NOPRUNE 1": Did not attach to vio_instance.


Total REAL time to Xst completion: 9.00 secs
Total CPU time to Xst completion: 9.71 secs
 
--> 


Total memory usage is 548388 kilobytes

Number of errors   :    0 (   0 filtered)
Number of warnings :   17 (   0 filtered)
Number of infos    :    4 (   0 filtered)

