Release 14.7 - xst P.20131013 (lin64)
Copyright (c) 1995-2013 Xilinx, Inc.  All rights reserved.
--> 
Parameter TMPDIR set to xst/projnav.tmp


Total REAL time to Xst completion: 0.00 secs
Total CPU time to Xst completion: 0.04 secs
 
--> 
Parameter xsthdpdir set to xst


Total REAL time to Xst completion: 0.00 secs
Total CPU time to Xst completion: 0.04 secs
 
--> 
Reading design: peripheral.prj

TABLE OF CONTENTS
  1) Synthesis Options Summary
  2) HDL Compilation
  3) Design Hierarchy Analysis
  4) HDL Analysis
  5) HDL Synthesis
     5.1) HDL Synthesis Report
  6) Advanced HDL Synthesis
     6.1) Advanced HDL Synthesis Report
  7) Low Level Synthesis
  8) Partition Report
  9) Final Report
	9.1) Device utilization summary
	9.2) Partition Resource Summary
	9.3) TIMING REPORT


=========================================================================
*                      Synthesis Options Summary                        *
=========================================================================
---- Source Parameters
Input File Name                    : "peripheral.prj"
Input Format                       : mixed
Ignore Synthesis Constraint File   : NO

---- Target Parameters
Output File Name                   : "peripheral"
Output Format                      : NGC
Target Device                      : xc3s500e-5-fg320

---- Source Options
Top Module Name                    : peripheral
Automatic FSM Extraction           : YES
FSM Encoding Algorithm             : Auto
Safe Implementation                : No
FSM Style                          : LUT
RAM Extraction                     : Yes
RAM Style                          : Auto
ROM Extraction                     : Yes
Mux Style                          : Auto
Decoder Extraction                 : YES
Priority Encoder Extraction        : Yes
Shift Register Extraction          : YES
Logical Shifter Extraction         : YES
XOR Collapsing                     : YES
ROM Style                          : Auto
Mux Extraction                     : Yes
Resource Sharing                   : YES
Asynchronous To Synchronous        : NO
Multiplier Style                   : Auto
Automatic Register Balancing       : No

---- Target Options
Add IO Buffers                     : YES
Global Maximum Fanout              : 500
Add Generic Clock Buffer(BUFG)     : 24
Register Duplication               : YES
Slice Packing                      : YES
Optimize Instantiated Primitives   : NO
Use Clock Enable                   : Yes
Use Synchronous Set                : Yes
Use Synchronous Reset              : Yes
Pack IO Registers into IOBs        : Auto
Equivalent register Removal        : YES

---- General Options
Optimization Goal                  : Speed
Optimization Effort                : 1
Keep Hierarchy                     : No
Netlist Hierarchy                  : As_Optimized
RTL Output                         : Yes
Global Optimization                : AllClockNets
Read Cores                         : YES
Write Timing Constraints           : NO
Cross Clock Analysis               : NO
Hierarchy Separator                : /
Bus Delimiter                      : <>
Case Specifier                     : Maintain
Slice Utilization Ratio            : 100
BRAM Utilization Ratio             : 100
Verilog 2001                       : YES
Auto BRAM Packing                  : NO
Slice Utilization Ratio Delta      : 5

---- Other Options
Cores Search Directories           : {"ipcore_dir"  }

=========================================================================


=========================================================================
*                          HDL Compilation                              *
=========================================================================
Compiling verilog file "../peripheral.v" in library work
Module <peripheral> compiled
No errors in compilation
Analysis of file <"peripheral.prj"> succeeded.
 

=========================================================================
*                     Design Hierarchy Analysis                         *
=========================================================================
Analyzing hierarchy for module <peripheral> in library <work>.


=========================================================================
*                            HDL Analysis                               *
=========================================================================
Analyzing top module <peripheral>.
Module <peripheral> is correct for synthesis.
 

=========================================================================
*                           HDL Synthesis                               *
=========================================================================

Performing bidirectional port resolution...

Synthesizing Unit <peripheral>.
    Related source file is "../peripheral.v".
    Found 32-bit up accumulator for signal <accumulator>.
    Found 32-bit up counter for signal <counter>.
    Found 32-bit 4-to-1 multiplexer for signal <rdata_w>.
    Summary:
	inferred   1 Counter(s).
	inferred   1 Accumulator(s).
	inferred  32 Multiplexer(s).
Unit <peripheral> synthesized.


=========================================================================
HDL Synthesis Report

Macro Statistics
# Counters                                             : 1
 32-bit up counter                                     : 1
# Accumulators                                         : 1
 32-bit up accumulator                                 : 1
# Multiplexers                                         : 1
 32-bit 4-to-1 multiplexer                             : 1

=========================================================================

=========================================================================
*                       Advanced HDL Synthesis                          *
=========================================================================


=========================================================================
Advanced HDL Synthesis Report

Macro Statistics
# Counters                                             : 1
 32-bit up counter                                     : 1
# Accumulators                                         : 1
 32-bit up accumulator                                 : 1
# Multiplexers                                         : 1
 32-bit 4-to-1 multiplexer                             : 1

=========================================================================

=========================================================================
*                         Low Level Synthesis                           *
=========================================================================

Optimizing unit <peripheral> ...

Mapping all equations...
Building and optimizing final netlist ...
Found area constraint ratio of 100 (+ 5) on block peripheral, actual ratio is 1.

Final Macro Processing ...

=========================================================================
Final Register Report

Macro Statistics
# Registers                                            : 64
 Flip-Flops                                            : 64

=========================================================================

=========================================================================
*                           Partition Report                            *
=========================================================================

Partition Implementation Status
-------------------------------

  No Partitions were found in this design.

-------------------------------

=========================================================================
*                            Final Report                               *
=========================================================================
Final Results
RTL Top Level Output File Name     : peripheral.ngr
Top Level Output File Name         : peripheral
Output Format                      : NGC
Optimization Goal                  : Speed
Keep Hierarchy                     : No

Design Statistics
# IOs                              : 70

Cell Usage :
# BELS                             : 227
#      GND                         : 1
#      INV                         : 1
#      LUT1                        : 31
#      LUT2                        : 32
#      LUT4                        : 34
#      MUXCY                       : 62
#      MUXF5                       : 1
#      VCC                         : 1
#      XORCY                       : 64
# FlipFlops/Latches                : 64
#      FDRE                        : 64
# Clock Buffers                    : 1
#      BUFGP                       : 1
# IO Buffers                       : 69
#      IBUF                        : 37
#      OBUF                        : 32
=========================================================================

Device utilization summary:
---------------------------

Selected Device : 3s500efg320-5 

 Number of Slices:                       52  out of   4656     1%  
 Number of Slice Flip Flops:             64  out of   9312     0%  
 Number of 4 input LUTs:                 98  out of   9312     1%  
 Number of IOs:                          70
 Number of bonded IOBs:                  70  out of    232    30%  
 Number of GCLKs:                         1  out of     24     4%  

---------------------------
Partition Resource Summary:
---------------------------

  No Partitions were found in this design.

---------------------------


=========================================================================
TIMING REPORT

NOTE: THESE TIMING NUMBERS ARE ONLY A SYNTHESIS ESTIMATE.
      FOR ACCURATE TIMING INFORMATION PLEASE REFER TO THE TRACE REPORT
      GENERATED AFTER PLACE-and-ROUTE.

Clock Information:
------------------
-----------------------------------+------------------------+-------+
Clock Signal                       | Clock buffer(FF name)  | Load  |
-----------------------------------+------------------------+-------+
clk                                | BUFGP                  | 64    |
-----------------------------------+------------------------+-------+

Asynchronous Control Signals Information:
----------------------------------------
No asynchronous control signals found in this design

Timing Summary:
---------------
Speed Grade: -5

   Minimum period: 4.522ns (Maximum Frequency: 221.119MHz)
   Minimum input arrival time before clock: 5.143ns
   Maximum output required time after clock: 5.062ns
   Maximum combinational path delay: 6.469ns

Timing Detail:
--------------
All values displayed in nanoseconds (ns)

=========================================================================
Timing constraint: Default period analysis for Clock 'clk'
  Clock period: 4.522ns (frequency: 221.119MHz)
  Total number of paths / destination ports: 1552 / 64
-------------------------------------------------------------------------
Delay:               4.522ns (Levels of Logic = 32)
  Source:            counter_1 (FF)
  Destination:       counter_31 (FF)
  Source Clock:      clk rising
  Destination Clock: clk rising

  Data Path: counter_1 to counter_31
                                Gate     Net
    Cell:in->out      fanout   Delay   Delay  Logical Name (Net Name)
    ----------------------------------------  ------------
     FDRE:C->Q             2   0.514   0.532  counter_1 (counter_1)
     LUT1:I0->O            1   0.612   0.000  Mcount_counter_cy<1>_rt (Mcount_counter_cy<1>_rt)
     MUXCY:S->O            1   0.404   0.000  Mcount_counter_cy<1> (Mcount_counter_cy<1>)
     MUXCY:CI->O           1   0.052   0.000  Mcount_counter_cy<2> (Mcount_counter_cy<2>)
     MUXCY:CI->O           1   0.052   0.000  Mcount_counter_cy<3> (Mcount_counter_cy<3>)
     MUXCY:CI->O           1   0.052   0.000  Mcount_counter_cy<4> (Mcount_counter_cy<4>)
     MUXCY:CI->O           1   0.052   0.000  Mcount_counter_cy<5> (Mcount_counter_cy<5>)
     MUXCY:CI->O           1   0.052   0.000  Mcount_counter_cy<6> (Mcount_counter_cy<6>)
     MUXCY:CI->O           1   0.052   0.000  Mcount_counter_cy<7> (Mcount_counter_cy<7>)
     MUXCY:CI->O           1   0.052   0.000  Mcount_counter_cy<8> (Mcount_counter_cy<8>)
     MUXCY:CI->O           1   0.052   0.000  Mcount_counter_cy<9> (Mcount_counter_cy<9>)
     MUXCY:CI->O           1   0.052   0.000  Mcount_counter_cy<10> (Mcount_counter_cy<10>)
     MUXCY:CI->O           1   0.051   0.000  Mcount_counter_cy<11> (Mcount_counter_cy<11>)
     MUXCY:CI->O           1   0.051   0.000  Mcount_counter_cy<12> (Mcount_counter_cy<12>)
     MUXCY:CI->O           1   0.051   0.000  Mcount_counter_cy<13> (Mcount_counter_cy<13>)
     MUXCY:CI->O           1   0.051   0.000  Mcount_counter_cy<14> (Mcount_counter_cy<14>)
     MUXCY:CI->O           1   0.051   0.000  Mcount_counter_cy<15> (Mcount_counter_cy<15>)
     MUXCY:CI->O           1   0.051   0.000  Mcount_counter_cy<16> (Mcount_counter_cy<16>)
     MUXCY:CI->O           1   0.051   0.000  Mcount_counter_cy<17> (Mcount_counter_cy<17>)
     MUXCY:CI->O           1   0.051   0.000  Mcount_counter_cy<18> (Mcount_counter_cy<18>)
     MUXCY:CI->O           1   0.051   0.000  Mcount_counter_cy<19> (Mcount_counter_cy<19>)
     MUXCY:CI->O           1   0.051   0.000  Mcount_counter_cy<20> (Mcount_counter_cy<20>)
     MUXCY:CI->O           1   0.051   0.000  Mcount_counter_cy<21> (Mcount_counter_cy<21>)
     MUXCY:CI->O           1   0.051   0.000  Mcount_counter_cy<22> (Mcount_counter_cy<22>)
     MUXCY:CI->O           1   0.051   0.000  Mcount_counter_cy<23> (Mcount_counter_cy<23>)
     MUXCY:CI->O           1   0.051   0.000  Mcount_counter_cy<24> (Mcount_counter_cy<24>)
     MUXCY:CI->O           1   0.051   0.000  Mcount_counter_cy<25> (Mcount_counter_cy<25>)
     MUXCY:CI->O           1   0.051   0.000  Mcount_counter_cy<26> (Mcount_counter_cy<26>)
     MUXCY:CI->O           1   0.051   0.000  Mcount_counter_cy<27> (Mcount_counter_cy<27>)
     MUXCY:CI->O           1   0.051   0.000  Mcount_counter_cy<28> (Mcount_counter_cy<28>)
     MUXCY:CI->O           1   0.051   0.000  Mcount_counter_cy<29> (Mcount_counter_cy<29>)
     MUXCY:CI->O           0   0.051   0.000  Mcount_counter_cy<30> (Mcount_counter_cy<30>)
     XORCY:CI->O           1   0.699   0.000  Mcount_counter_xor<31> (Result<31>1)
     FDRE:D                    0.268          counter_31
    ----------------------------------------
    Total                      4.522ns (3.991ns logic, 0.532ns route)
                                       (88.2% logic, 11.8% route)

=========================================================================
Timing constraint: Default OFFSET IN BEFORE for Clock 'clk'
  Total number of paths / destination ports: 1168 / 160
-------------------------------------------------------------------------
Offset:              5.143ns (Levels of Logic = 34)
  Source:            wdata<0> (PAD)
  Destination:       accumulator_31 (FF)
  Destination Clock: clk rising

  Data Path: wdata<0> to accumulator_31
                                Gate     Net
    Cell:in->out      fanout   Delay   Delay  Logical Name (Net Name)
    ----------------------------------------  ------------
     IBUF:I->O             1   1.106   0.509  wdata_0_IBUF (wdata_0_IBUF)
     LUT2:I0->O            1   0.612   0.000  Maccum_accumulator_lut<0> (Maccum_accumulator_lut<0>)
     MUXCY:S->O            1   0.404   0.000  Maccum_accumulator_cy<0> (Maccum_accumulator_cy<0>)
     MUXCY:CI->O           1   0.052   0.000  Maccum_accumulator_cy<1> (Maccum_accumulator_cy<1>)
     MUXCY:CI->O           1   0.052   0.000  Maccum_accumulator_cy<2> (Maccum_accumulator_cy<2>)
     MUXCY:CI->O           1   0.052   0.000  Maccum_accumulator_cy<3> (Maccum_accumulator_cy<3>)
     MUXCY:CI->O           1   0.052   0.000  Maccum_accumulator_cy<4> (Maccum_accumulator_cy<4>)
     MUXCY:CI->O           1   0.052   0.000  Maccum_accumulator_cy<5> (Maccum_accumulator_cy<5>)
     MUXCY:CI->O           1   0.052   0.000  Maccum_accumulator_cy<6> (Maccum_accumulator_cy<6>)
     MUXCY:CI->O           1   0.052   0.000  Maccum_accumulator_cy<7> (Maccum_accumulator_cy<7>)
     MUXCY:CI->O           1   0.052   0.000  Maccum_accumulator_cy<8> (Maccum_accumulator_cy<8>)
     MUXCY:CI->O           1   0.052   0.000  Maccum_accumulator_cy<9> (Maccum_accumulator_cy<9>)
     MUXCY:CI->O           1   0.052   0.000  Maccum_accumulator_cy<10> (Maccum_accumulator_cy<10>)
     MUXCY:CI->O           1   0.051   0.000  Maccum_accumulator_cy<11> (Maccum_accumulator_cy<11>)
     MUXCY:CI->O           1   0.051   0.000  Maccum_accumulator_cy<12> (Maccum_accumulator_cy<12>)
     MUXCY:CI->O           1   0.051   0.000  Maccum_accumulator_cy<13> (Maccum_accumulator_cy<13>)
     MUXCY:CI->O           1   0.051   0.000  Maccum_accumulator_cy<14> (Maccum_accumulator_cy<14>)
     MUXCY:CI->O           1   0.051   0.000  Maccum_accumulator_cy<15> (Maccum_accumulator_cy<15>)
     MUXCY:CI->O           1   0.051   0.000  Maccum_accumulator_cy<16> (Maccum_accumulator_cy<16>)
     MUXCY:CI->O           1   0.051   0.000  Maccum_accumulator_cy<17> (Maccum_accumulator_cy<17>)
     MUXCY:CI->O           1   0.051   0.000  Maccum_accumulator_cy<18> (Maccum_accumulator_cy<18>)
     MUXCY:CI->O           1   0.051   0.000  Maccum_accumulator_cy<19> (Maccum_accumulator_cy<19>)
     MUXCY:CI->O           1   0.051   0.000  Maccum_accumulator_cy<20> (Maccum_accumulator_cy<20>)
     MUXCY:CI->O           1   0.051   0.000  Maccum_accumulator_cy<21> (Maccum_accumulator_cy<21>)
     MUXCY:CI->O           1   0.051   0.000  Maccum_accumulator_cy<22> (Maccum_accumulator_cy<22>)
     MUXCY:CI->O           1   0.051   0.000  Maccum_accumulator_cy<23> (Maccum_accumulator_cy<23>)
     MUXCY:CI->O           1   0.051   0.000  Maccum_accumulator_cy<24> (Maccum_accumulator_cy<24>)
     MUXCY:CI->O           1   0.051   0.000  Maccum_accumulator_cy<25> (Maccum_accumulator_cy<25>)
     MUXCY:CI->O           1   0.051   0.000  Maccum_accumulator_cy<26> (Maccum_accumulator_cy<26>)
     MUXCY:CI->O           1   0.051   0.000  Maccum_accumulator_cy<27> (Maccum_accumulator_cy<27>)
     MUXCY:CI->O           1   0.051   0.000  Maccum_accumulator_cy<28> (Maccum_accumulator_cy<28>)
     MUXCY:CI->O           1   0.051   0.000  Maccum_accumulator_cy<29> (Maccum_accumulator_cy<29>)
     MUXCY:CI->O           0   0.051   0.000  Maccum_accumulator_cy<30> (Maccum_accumulator_cy<30>)
     XORCY:CI->O           1   0.699   0.000  Maccum_accumulator_xor<31> (Result<31>)
     FDRE:D                    0.268          accumulator_31
    ----------------------------------------
    Total                      5.143ns (4.634ns logic, 0.509ns route)
                                       (90.1% logic, 9.9% route)

=========================================================================
Timing constraint: Default OFFSET OUT AFTER for Clock 'clk'
  Total number of paths / destination ports: 64 / 32
-------------------------------------------------------------------------
Offset:              5.062ns (Levels of Logic = 2)
  Source:            counter_31 (FF)
  Destination:       rdata<31> (PAD)
  Source Clock:      clk rising

  Data Path: counter_31 to rdata<31>
                                Gate     Net
    Cell:in->out      fanout   Delay   Delay  Logical Name (Net Name)
    ----------------------------------------  ------------
     FDRE:C->Q             2   0.514   0.410  counter_31 (counter_31)
     LUT4:I2->O            1   0.612   0.357  Mmux_rdata_w501 (rdata_31_OBUF)
     OBUF:I->O                 3.169          rdata_31_OBUF (rdata<31>)
    ----------------------------------------
    Total                      5.062ns (4.295ns logic, 0.767ns route)
                                       (84.8% logic, 15.2% route)

=========================================================================
Timing constraint: Default path analysis
  Total number of paths / destination ports: 64 / 32
-------------------------------------------------------------------------
Delay:               6.469ns (Levels of Logic = 3)
  Source:            addr<1> (PAD)
  Destination:       rdata<31> (PAD)

  Data Path: addr<1> to rdata<31>
                                Gate     Net
    Cell:in->out      fanout   Delay   Delay  Logical Name (Net Name)
    ----------------------------------------  ------------
     IBUF:I->O            34   1.106   1.225  addr_1_IBUF (addr_1_IBUF)
     LUT4:I0->O            1   0.612   0.357  Mmux_rdata_w81 (rdata_12_OBUF)
     OBUF:I->O                 3.169          rdata_12_OBUF (rdata<12>)
    ----------------------------------------
    Total                      6.469ns (4.887ns logic, 1.582ns route)
                                       (75.5% logic, 24.5% route)

=========================================================================


Total REAL time to Xst completion: 3.00 secs
Total CPU time to Xst completion: 3.58 secs
 
--> 


Total memory usage is 522364 kilobytes

Number of errors   :    0 (   0 filtered)
Number of warnings :    0 (   0 filtered)
Number of infos    :    0 (   0 filtered)

