Running: /opt/tools/xilinx/ise/14.7/ISE_DS/ISE/bin/lin64/unwrapped/fuse -intstyle ise -incremental -lib unisims_ver -lib unimacro_ver -lib xilinxcorelib_ver -o /home/omshripc/Sem 5/EE2003/ISE/expt3/exp3/cpu_red_test_isim_beh.exe -prj /home/omshripc/Sem 5/EE2003/ISE/expt3/exp3/cpu_red_test_beh.prj work.cpu_red_test work.glbl 
ISim P.20131013 (signature 0xfbc00daa)
Number of CPUs detected in this system: 8
Turning on mult-threading, number of parallel sub-compilation jobs: 16 
Determining compilation order of HDL files
Analyzing Verilog file "/home/omshripc/Sem 5/EE2003/ISE/expt3/exp3/../Reg_Parser.v" into library work
Analyzing Verilog file "/home/omshripc/Sem 5/EE2003/ISE/expt3/exp3/../Registers.v" into library work
Analyzing Verilog file "/home/omshripc/Sem 5/EE2003/ISE/expt3/exp3/../DMEM_Parser.v" into library work
Analyzing Verilog file "/home/omshripc/Sem 5/EE2003/ISE/expt3/exp3/../Control.v" into library work
Analyzing Verilog file "/home/omshripc/Sem 5/EE2003/ISE/expt3/exp3/../ALU_Control.v" into library work
Analyzing Verilog file "/home/omshripc/Sem 5/EE2003/ISE/expt3/exp3/../ALU.v" into library work
Analyzing Verilog file "/home/omshripc/Sem 5/EE2003/ISE/expt3/exp3/../IMEM.v" into library work
Analyzing Verilog file "/home/omshripc/Sem 5/EE2003/ISE/expt3/exp3/REDUCED_CPU.v" into library work
Analyzing Verilog file "/home/omshripc/Sem 5/EE2003/ISE/expt3/exp3/../DMEM.v" into library work
Analyzing Verilog file "/home/omshripc/Sem 5/EE2003/ISE/expt3/exp3/cpu_red_test.v" into library work
Analyzing Verilog file "/opt/tools/xilinx/ise/14.7/ISE_DS/ISE//verilog/src/glbl.v" into library work
Starting static elaboration
Completed static elaboration
Fuse Memory Usage: 103924 KB
Fuse CPU Usage: 1000 ms
Compiling module Control
Compiling module Registers
Compiling module ALU_Control
Compiling module ALU
Compiling module DMEM_Parser
Compiling module Reg_Parser
Compiling module REDUCED_CPU
Compiling module DMEM
Compiling module IMEM
Compiling module cpu_red_test
Compiling module glbl
Time Resolution for simulation is 1ps.
Waiting for 1 sub-compilation(s) to finish...
Compiled 11 Verilog Units
Built simulation executable /home/omshripc/Sem 5/EE2003/ISE/expt3/exp3/cpu_red_test_isim_beh.exe
Fuse Memory Usage: 1188600 KB
Fuse CPU Usage: 1040 ms
GCC CPU Usage: 1340 ms
