#! /usr/local/bin/vvp
:ivl_version "11.0 (devel)" "(s20150603-637-g866cc469)";
:ivl_delay_selection "TYPICAL";
:vpi_time_precision - 9;
:vpi_module "system";
:vpi_module "vhdl_sys";
:vpi_module "vhdl_textio";
:vpi_module "v2005_math";
:vpi_module "va_math";
S_0x5606a9ce2120 .scope module, "alu_tb" "alu_tb" 2 23;
 .timescale -9 -9;
v0x5606a9d0a490_0 .var "clk", 0 0;
v0x5606a9d0a570_0 .var/i "err", 31 0;
v0x5606a9d0a650_0 .var "exp", 31 0;
v0x5606a9d0a710 .array "expreg", 29 0, 31 0;
v0x5606a9d0a7d0_0 .var/i "i", 31 0;
v0x5606a9d0a900_0 .var "in1", 31 0;
v0x5606a9d0a9c0_0 .var "in2", 31 0;
v0x5606a9d0aa90 .array "inreg1", 29 0, 31 0;
v0x5606a9d0ab30 .array "inreg2", 29 0, 31 0;
v0x5606a9d0abf0_0 .var "instr", 31 0;
v0x5606a9d0ace0 .array "instrmem", 29 0, 31 0;
v0x5606a9d0ad80_0 .net "op", 5 0, v0x5606a9d09c80_0;  1 drivers
v0x5606a9d0ae40_0 .net "out", 31 0, v0x5606a9d0a320_0;  1 drivers
v0x5606a9d0af00_0 .var/i "total", 31 0;
S_0x5606a9ce22b0 .scope task, "apply_and_check" "apply_and_check" 2 68, 2 68 0, S_0x5606a9ce2120;
 .timescale -9 -9;
v0x5606a9cd8910_0 .var/i "i", 31 0;
E_0x5606a9cd2b70 .event posedge, v0x5606a9d0a490_0;
TD_alu_tb.apply_and_check ;
    %ix/getv/s 4, v0x5606a9cd8910_0;
    %load/vec4a v0x5606a9d0ace0, 4;
    %store/vec4 v0x5606a9d0abf0_0, 0, 32;
    %ix/getv/s 4, v0x5606a9cd8910_0;
    %load/vec4a v0x5606a9d0aa90, 4;
    %store/vec4 v0x5606a9d0a900_0, 0, 32;
    %ix/getv/s 4, v0x5606a9cd8910_0;
    %load/vec4a v0x5606a9d0ab30, 4;
    %store/vec4 v0x5606a9d0a9c0_0, 0, 32;
    %ix/getv/s 4, v0x5606a9cd8910_0;
    %load/vec4a v0x5606a9d0a710, 4;
    %store/vec4 v0x5606a9d0a650_0, 0, 32;
    %wait E_0x5606a9cd2b70;
    %load/vec4 v0x5606a9d0ae40_0;
    %load/vec4 v0x5606a9d0a650_0;
    %cmp/e;
    %jmp/0xz  T_0.0, 4;
    %vpi_call 2 79 "$display", $time, " Passed op=%d, in1=%08x in2=%08x out=%08x", v0x5606a9d0ad80_0, v0x5606a9d0a900_0, v0x5606a9d0a9c0_0, v0x5606a9d0ae40_0 {0 0 0};
    %jmp T_0.1;
T_0.0 ;
    %vpi_call 2 81 "$display", $time, " Fail op=%d, in1=%08x in2=%08x out=%08x exp=%08x", v0x5606a9d0ad80_0, v0x5606a9d0a900_0, v0x5606a9d0a9c0_0, v0x5606a9d0ae40_0, v0x5606a9d0a650_0 {0 0 0};
    %load/vec4 v0x5606a9d0a570_0;
    %addi 1, 0, 32;
    %store/vec4 v0x5606a9d0a570_0, 0, 32;
T_0.1 ;
    %load/vec4 v0x5606a9d0af00_0;
    %addi 1, 0, 32;
    %store/vec4 v0x5606a9d0af00_0, 0, 32;
    %end;
S_0x5606a9d09940 .scope module, "dec0" "DummyDecoder" 2 58, 3 3 0, S_0x5606a9ce2120;
 .timescale -9 -9;
    .port_info 0 /INPUT 32 "instr";
    .port_info 1 /OUTPUT 6 "op";
v0x5606a9d09b80_0 .net "instr", 31 0, v0x5606a9d0abf0_0;  1 drivers
v0x5606a9d09c80_0 .var "op", 5 0;
E_0x5606a9cd31b0 .event edge, v0x5606a9d09b80_0;
S_0x5606a9d09dc0 .scope module, "dut" "ALU32" 2 46, 4 3 0, S_0x5606a9ce2120;
 .timescale 0 0;
    .port_info 0 /INPUT 32 "in1";
    .port_info 1 /INPUT 32 "in2";
    .port_info 2 /INPUT 6 "op";
    .port_info 3 /OUTPUT 32 "out";
v0x5606a9d0a060_0 .net "in1", 31 0, v0x5606a9d0a900_0;  1 drivers
v0x5606a9d0a140_0 .net "in2", 31 0, v0x5606a9d0a9c0_0;  1 drivers
v0x5606a9d0a220_0 .net "op", 5 0, v0x5606a9d09c80_0;  alias, 1 drivers
v0x5606a9d0a320_0 .var "out", 31 0;
E_0x5606a9cbe680 .event edge, v0x5606a9d09c80_0, v0x5606a9d0a140_0, v0x5606a9d0a060_0;
    .scope S_0x5606a9d09dc0;
T_1 ;
    %wait E_0x5606a9cbe680;
    %load/vec4 v0x5606a9d0a220_0;
    %dup/vec4;
    %pushi/vec4 18, 0, 6;
    %cmp/u;
    %jmp/1 T_1.0, 6;
    %dup/vec4;
    %pushi/vec4 19, 0, 6;
    %cmp/u;
    %jmp/1 T_1.1, 6;
    %dup/vec4;
    %pushi/vec4 21, 0, 6;
    %cmp/u;
    %jmp/1 T_1.2, 6;
    %dup/vec4;
    %pushi/vec4 22, 0, 6;
    %cmp/u;
    %jmp/1 T_1.3, 6;
    %dup/vec4;
    %pushi/vec4 23, 0, 6;
    %cmp/u;
    %jmp/1 T_1.4, 6;
    %dup/vec4;
    %pushi/vec4 24, 0, 6;
    %cmp/u;
    %jmp/1 T_1.5, 6;
    %dup/vec4;
    %pushi/vec4 25, 0, 6;
    %cmp/u;
    %jmp/1 T_1.6, 6;
    %dup/vec4;
    %pushi/vec4 26, 0, 6;
    %cmp/u;
    %jmp/1 T_1.7, 6;
    %dup/vec4;
    %pushi/vec4 27, 0, 6;
    %cmp/u;
    %jmp/1 T_1.8, 6;
    %dup/vec4;
    %pushi/vec4 28, 0, 6;
    %cmp/u;
    %jmp/1 T_1.9, 6;
    %dup/vec4;
    %pushi/vec4 29, 0, 6;
    %cmp/u;
    %jmp/1 T_1.10, 6;
    %dup/vec4;
    %pushi/vec4 30, 0, 6;
    %cmp/u;
    %jmp/1 T_1.11, 6;
    %dup/vec4;
    %pushi/vec4 31, 0, 6;
    %cmp/u;
    %jmp/1 T_1.12, 6;
    %dup/vec4;
    %pushi/vec4 32, 0, 6;
    %cmp/u;
    %jmp/1 T_1.13, 6;
    %dup/vec4;
    %pushi/vec4 33, 0, 6;
    %cmp/u;
    %jmp/1 T_1.14, 6;
    %dup/vec4;
    %pushi/vec4 34, 0, 6;
    %cmp/u;
    %jmp/1 T_1.15, 6;
    %dup/vec4;
    %pushi/vec4 35, 0, 6;
    %cmp/u;
    %jmp/1 T_1.16, 6;
    %dup/vec4;
    %pushi/vec4 36, 0, 6;
    %cmp/u;
    %jmp/1 T_1.17, 6;
    %pushi/vec4 0, 0, 32;
    %assign/vec4 v0x5606a9d0a320_0, 0;
    %jmp T_1.19;
T_1.0 ;
    %load/vec4 v0x5606a9d0a060_0;
    %load/vec4 v0x5606a9d0a140_0;
    %add;
    %assign/vec4 v0x5606a9d0a320_0, 0;
    %jmp T_1.19;
T_1.1 ;
    %load/vec4 v0x5606a9d0a060_0;
    %load/vec4 v0x5606a9d0a140_0;
    %cmp/s;
    %flag_get/vec4 5;
    %pad/u 32;
    %assign/vec4 v0x5606a9d0a320_0, 0;
    %jmp T_1.19;
T_1.2 ;
    %load/vec4 v0x5606a9d0a060_0;
    %load/vec4 v0x5606a9d0a140_0;
    %xor;
    %assign/vec4 v0x5606a9d0a320_0, 0;
    %jmp T_1.19;
T_1.3 ;
    %load/vec4 v0x5606a9d0a060_0;
    %load/vec4 v0x5606a9d0a140_0;
    %or;
    %assign/vec4 v0x5606a9d0a320_0, 0;
    %jmp T_1.19;
T_1.4 ;
    %load/vec4 v0x5606a9d0a060_0;
    %load/vec4 v0x5606a9d0a140_0;
    %and;
    %assign/vec4 v0x5606a9d0a320_0, 0;
    %jmp T_1.19;
T_1.5 ;
    %load/vec4 v0x5606a9d0a060_0;
    %load/vec4 v0x5606a9d0a140_0;
    %parti/s 4, 0, 2;
    %ix/vec4 4;
    %shiftl 4;
    %assign/vec4 v0x5606a9d0a320_0, 0;
    %jmp T_1.19;
T_1.6 ;
    %load/vec4 v0x5606a9d0a060_0;
    %load/vec4 v0x5606a9d0a140_0;
    %parti/s 4, 0, 2;
    %ix/vec4 4;
    %shiftr 4;
    %assign/vec4 v0x5606a9d0a320_0, 0;
    %jmp T_1.19;
T_1.7 ;
    %load/vec4 v0x5606a9d0a060_0;
    %load/vec4 v0x5606a9d0a140_0;
    %parti/s 4, 0, 2;
    %ix/vec4 4;
    %shiftr/s 4;
    %assign/vec4 v0x5606a9d0a320_0, 0;
    %jmp T_1.19;
T_1.8 ;
    %load/vec4 v0x5606a9d0a060_0;
    %load/vec4 v0x5606a9d0a140_0;
    %add;
    %assign/vec4 v0x5606a9d0a320_0, 0;
    %jmp T_1.19;
T_1.9 ;
    %load/vec4 v0x5606a9d0a060_0;
    %load/vec4 v0x5606a9d0a140_0;
    %sub;
    %assign/vec4 v0x5606a9d0a320_0, 0;
    %jmp T_1.19;
T_1.10 ;
    %load/vec4 v0x5606a9d0a060_0;
    %load/vec4 v0x5606a9d0a140_0;
    %parti/s 4, 0, 2;
    %ix/vec4 4;
    %shiftl 4;
    %assign/vec4 v0x5606a9d0a320_0, 0;
    %jmp T_1.19;
T_1.11 ;
    %load/vec4 v0x5606a9d0a060_0;
    %load/vec4 v0x5606a9d0a140_0;
    %cmp/s;
    %flag_get/vec4 5;
    %pad/u 32;
    %assign/vec4 v0x5606a9d0a320_0, 0;
    %jmp T_1.19;
T_1.12 ;
    %load/vec4 v0x5606a9d0a060_0;
    %load/vec4 v0x5606a9d0a140_0;
    %cmp/u;
    %flag_get/vec4 5;
    %pad/u 32;
    %assign/vec4 v0x5606a9d0a320_0, 0;
    %jmp T_1.19;
T_1.13 ;
    %load/vec4 v0x5606a9d0a060_0;
    %load/vec4 v0x5606a9d0a140_0;
    %xor;
    %assign/vec4 v0x5606a9d0a320_0, 0;
    %jmp T_1.19;
T_1.14 ;
    %load/vec4 v0x5606a9d0a060_0;
    %load/vec4 v0x5606a9d0a140_0;
    %parti/s 4, 0, 2;
    %ix/vec4 4;
    %shiftr 4;
    %assign/vec4 v0x5606a9d0a320_0, 0;
    %jmp T_1.19;
T_1.15 ;
    %load/vec4 v0x5606a9d0a060_0;
    %load/vec4 v0x5606a9d0a140_0;
    %parti/s 4, 0, 2;
    %ix/vec4 4;
    %shiftr/s 4;
    %assign/vec4 v0x5606a9d0a320_0, 0;
    %jmp T_1.19;
T_1.16 ;
    %load/vec4 v0x5606a9d0a060_0;
    %load/vec4 v0x5606a9d0a140_0;
    %or;
    %assign/vec4 v0x5606a9d0a320_0, 0;
    %jmp T_1.19;
T_1.17 ;
    %load/vec4 v0x5606a9d0a060_0;
    %load/vec4 v0x5606a9d0a140_0;
    %and;
    %assign/vec4 v0x5606a9d0a320_0, 0;
    %jmp T_1.19;
T_1.19 ;
    %pop/vec4 1;
    %jmp T_1;
    .thread T_1, $push;
    .scope S_0x5606a9d09940;
T_2 ;
    %wait E_0x5606a9cd31b0;
    %load/vec4 v0x5606a9d09b80_0;
    %parti/s 7, 0, 2;
    %dup/vec4;
    %pushi/vec4 55, 0, 7;
    %cmp/u;
    %jmp/1 T_2.0, 6;
    %dup/vec4;
    %pushi/vec4 23, 0, 7;
    %cmp/u;
    %jmp/1 T_2.1, 6;
    %dup/vec4;
    %pushi/vec4 111, 0, 7;
    %cmp/u;
    %jmp/1 T_2.2, 6;
    %dup/vec4;
    %pushi/vec4 103, 0, 7;
    %cmp/u;
    %jmp/1 T_2.3, 6;
    %dup/vec4;
    %pushi/vec4 99, 0, 7;
    %cmp/u;
    %jmp/1 T_2.4, 6;
    %dup/vec4;
    %pushi/vec4 3, 0, 7;
    %cmp/u;
    %jmp/1 T_2.5, 6;
    %dup/vec4;
    %pushi/vec4 35, 0, 7;
    %cmp/u;
    %jmp/1 T_2.6, 6;
    %dup/vec4;
    %pushi/vec4 19, 0, 7;
    %cmp/u;
    %jmp/1 T_2.7, 6;
    %dup/vec4;
    %pushi/vec4 51, 0, 7;
    %cmp/u;
    %jmp/1 T_2.8, 6;
    %dup/vec4;
    %pushi/vec4 15, 0, 7;
    %cmp/u;
    %jmp/1 T_2.9, 6;
    %dup/vec4;
    %pushi/vec4 115, 0, 7;
    %cmp/u;
    %jmp/1 T_2.10, 6;
    %pushi/vec4 41, 0, 6;
    %store/vec4 v0x5606a9d09c80_0, 0, 6;
    %jmp T_2.12;
T_2.0 ;
    %pushi/vec4 0, 0, 6;
    %store/vec4 v0x5606a9d09c80_0, 0, 6;
    %jmp T_2.12;
T_2.1 ;
    %pushi/vec4 1, 0, 6;
    %store/vec4 v0x5606a9d09c80_0, 0, 6;
    %jmp T_2.12;
T_2.2 ;
    %pushi/vec4 2, 0, 6;
    %store/vec4 v0x5606a9d09c80_0, 0, 6;
    %jmp T_2.12;
T_2.3 ;
    %pushi/vec4 3, 0, 6;
    %store/vec4 v0x5606a9d09c80_0, 0, 6;
    %jmp T_2.12;
T_2.4 ;
    %load/vec4 v0x5606a9d09b80_0;
    %parti/s 3, 12, 5;
    %dup/vec4;
    %pushi/vec4 0, 0, 3;
    %cmp/u;
    %jmp/1 T_2.13, 6;
    %dup/vec4;
    %pushi/vec4 1, 0, 3;
    %cmp/u;
    %jmp/1 T_2.14, 6;
    %dup/vec4;
    %pushi/vec4 4, 0, 3;
    %cmp/u;
    %jmp/1 T_2.15, 6;
    %dup/vec4;
    %pushi/vec4 5, 0, 3;
    %cmp/u;
    %jmp/1 T_2.16, 6;
    %dup/vec4;
    %pushi/vec4 6, 0, 3;
    %cmp/u;
    %jmp/1 T_2.17, 6;
    %dup/vec4;
    %pushi/vec4 7, 0, 3;
    %cmp/u;
    %jmp/1 T_2.18, 6;
    %pushi/vec4 41, 0, 6;
    %store/vec4 v0x5606a9d09c80_0, 0, 6;
    %jmp T_2.20;
T_2.13 ;
    %pushi/vec4 4, 0, 6;
    %store/vec4 v0x5606a9d09c80_0, 0, 6;
    %jmp T_2.20;
T_2.14 ;
    %pushi/vec4 5, 0, 6;
    %store/vec4 v0x5606a9d09c80_0, 0, 6;
    %jmp T_2.20;
T_2.15 ;
    %pushi/vec4 6, 0, 6;
    %store/vec4 v0x5606a9d09c80_0, 0, 6;
    %jmp T_2.20;
T_2.16 ;
    %pushi/vec4 7, 0, 6;
    %store/vec4 v0x5606a9d09c80_0, 0, 6;
    %jmp T_2.20;
T_2.17 ;
    %pushi/vec4 8, 0, 6;
    %store/vec4 v0x5606a9d09c80_0, 0, 6;
    %jmp T_2.20;
T_2.18 ;
    %pushi/vec4 9, 0, 6;
    %store/vec4 v0x5606a9d09c80_0, 0, 6;
    %jmp T_2.20;
T_2.20 ;
    %pop/vec4 1;
    %jmp T_2.12;
T_2.5 ;
    %load/vec4 v0x5606a9d09b80_0;
    %parti/s 3, 12, 5;
    %dup/vec4;
    %pushi/vec4 0, 0, 3;
    %cmp/u;
    %jmp/1 T_2.21, 6;
    %dup/vec4;
    %pushi/vec4 1, 0, 3;
    %cmp/u;
    %jmp/1 T_2.22, 6;
    %dup/vec4;
    %pushi/vec4 2, 0, 3;
    %cmp/u;
    %jmp/1 T_2.23, 6;
    %dup/vec4;
    %pushi/vec4 4, 0, 3;
    %cmp/u;
    %jmp/1 T_2.24, 6;
    %dup/vec4;
    %pushi/vec4 5, 0, 3;
    %cmp/u;
    %jmp/1 T_2.25, 6;
    %pushi/vec4 41, 0, 6;
    %store/vec4 v0x5606a9d09c80_0, 0, 6;
    %jmp T_2.27;
T_2.21 ;
    %pushi/vec4 10, 0, 6;
    %store/vec4 v0x5606a9d09c80_0, 0, 6;
    %jmp T_2.27;
T_2.22 ;
    %pushi/vec4 11, 0, 6;
    %store/vec4 v0x5606a9d09c80_0, 0, 6;
    %jmp T_2.27;
T_2.23 ;
    %pushi/vec4 12, 0, 6;
    %store/vec4 v0x5606a9d09c80_0, 0, 6;
    %jmp T_2.27;
T_2.24 ;
    %pushi/vec4 13, 0, 6;
    %store/vec4 v0x5606a9d09c80_0, 0, 6;
    %jmp T_2.27;
T_2.25 ;
    %pushi/vec4 14, 0, 6;
    %store/vec4 v0x5606a9d09c80_0, 0, 6;
    %jmp T_2.27;
T_2.27 ;
    %pop/vec4 1;
    %jmp T_2.12;
T_2.6 ;
    %load/vec4 v0x5606a9d09b80_0;
    %parti/s 3, 12, 5;
    %dup/vec4;
    %pushi/vec4 0, 0, 3;
    %cmp/u;
    %jmp/1 T_2.28, 6;
    %dup/vec4;
    %pushi/vec4 1, 0, 3;
    %cmp/u;
    %jmp/1 T_2.29, 6;
    %dup/vec4;
    %pushi/vec4 2, 0, 3;
    %cmp/u;
    %jmp/1 T_2.30, 6;
    %pushi/vec4 41, 0, 6;
    %store/vec4 v0x5606a9d09c80_0, 0, 6;
    %jmp T_2.32;
T_2.28 ;
    %pushi/vec4 15, 0, 6;
    %store/vec4 v0x5606a9d09c80_0, 0, 6;
    %jmp T_2.32;
T_2.29 ;
    %pushi/vec4 16, 0, 6;
    %store/vec4 v0x5606a9d09c80_0, 0, 6;
    %jmp T_2.32;
T_2.30 ;
    %pushi/vec4 17, 0, 6;
    %store/vec4 v0x5606a9d09c80_0, 0, 6;
    %jmp T_2.32;
T_2.32 ;
    %pop/vec4 1;
    %jmp T_2.12;
T_2.7 ;
    %load/vec4 v0x5606a9d09b80_0;
    %parti/s 3, 12, 5;
    %dup/vec4;
    %pushi/vec4 0, 0, 3;
    %cmp/u;
    %jmp/1 T_2.33, 6;
    %dup/vec4;
    %pushi/vec4 2, 0, 3;
    %cmp/u;
    %jmp/1 T_2.34, 6;
    %dup/vec4;
    %pushi/vec4 3, 0, 3;
    %cmp/u;
    %jmp/1 T_2.35, 6;
    %dup/vec4;
    %pushi/vec4 4, 0, 3;
    %cmp/u;
    %jmp/1 T_2.36, 6;
    %dup/vec4;
    %pushi/vec4 6, 0, 3;
    %cmp/u;
    %jmp/1 T_2.37, 6;
    %dup/vec4;
    %pushi/vec4 7, 0, 3;
    %cmp/u;
    %jmp/1 T_2.38, 6;
    %dup/vec4;
    %pushi/vec4 1, 0, 3;
    %cmp/u;
    %jmp/1 T_2.39, 6;
    %dup/vec4;
    %pushi/vec4 5, 0, 3;
    %cmp/u;
    %jmp/1 T_2.40, 6;
    %pushi/vec4 41, 0, 6;
    %store/vec4 v0x5606a9d09c80_0, 0, 6;
    %jmp T_2.42;
T_2.33 ;
    %pushi/vec4 18, 0, 6;
    %store/vec4 v0x5606a9d09c80_0, 0, 6;
    %jmp T_2.42;
T_2.34 ;
    %pushi/vec4 19, 0, 6;
    %store/vec4 v0x5606a9d09c80_0, 0, 6;
    %jmp T_2.42;
T_2.35 ;
    %pushi/vec4 20, 0, 6;
    %store/vec4 v0x5606a9d09c80_0, 0, 6;
    %jmp T_2.42;
T_2.36 ;
    %pushi/vec4 21, 0, 6;
    %store/vec4 v0x5606a9d09c80_0, 0, 6;
    %jmp T_2.42;
T_2.37 ;
    %pushi/vec4 22, 0, 6;
    %store/vec4 v0x5606a9d09c80_0, 0, 6;
    %jmp T_2.42;
T_2.38 ;
    %pushi/vec4 23, 0, 6;
    %store/vec4 v0x5606a9d09c80_0, 0, 6;
    %jmp T_2.42;
T_2.39 ;
    %pushi/vec4 24, 0, 6;
    %store/vec4 v0x5606a9d09c80_0, 0, 6;
    %jmp T_2.42;
T_2.40 ;
    %load/vec4 v0x5606a9d09b80_0;
    %parti/s 1, 30, 6;
    %dup/vec4;
    %pushi/vec4 0, 0, 1;
    %cmp/u;
    %jmp/1 T_2.43, 6;
    %dup/vec4;
    %pushi/vec4 1, 0, 1;
    %cmp/u;
    %jmp/1 T_2.44, 6;
    %pushi/vec4 41, 0, 6;
    %store/vec4 v0x5606a9d09c80_0, 0, 6;
    %jmp T_2.46;
T_2.43 ;
    %pushi/vec4 25, 0, 6;
    %store/vec4 v0x5606a9d09c80_0, 0, 6;
    %jmp T_2.46;
T_2.44 ;
    %pushi/vec4 26, 0, 6;
    %store/vec4 v0x5606a9d09c80_0, 0, 6;
    %jmp T_2.46;
T_2.46 ;
    %pop/vec4 1;
    %jmp T_2.42;
T_2.42 ;
    %pop/vec4 1;
    %jmp T_2.12;
T_2.8 ;
    %load/vec4 v0x5606a9d09b80_0;
    %parti/s 3, 12, 5;
    %dup/vec4;
    %pushi/vec4 0, 0, 3;
    %cmp/u;
    %jmp/1 T_2.47, 6;
    %dup/vec4;
    %pushi/vec4 1, 0, 3;
    %cmp/u;
    %jmp/1 T_2.48, 6;
    %dup/vec4;
    %pushi/vec4 2, 0, 3;
    %cmp/u;
    %jmp/1 T_2.49, 6;
    %dup/vec4;
    %pushi/vec4 3, 0, 3;
    %cmp/u;
    %jmp/1 T_2.50, 6;
    %dup/vec4;
    %pushi/vec4 4, 0, 3;
    %cmp/u;
    %jmp/1 T_2.51, 6;
    %dup/vec4;
    %pushi/vec4 5, 0, 3;
    %cmp/u;
    %jmp/1 T_2.52, 6;
    %dup/vec4;
    %pushi/vec4 6, 0, 3;
    %cmp/u;
    %jmp/1 T_2.53, 6;
    %dup/vec4;
    %pushi/vec4 7, 0, 3;
    %cmp/u;
    %jmp/1 T_2.54, 6;
    %pushi/vec4 41, 0, 6;
    %store/vec4 v0x5606a9d09c80_0, 0, 6;
    %jmp T_2.56;
T_2.47 ;
    %load/vec4 v0x5606a9d09b80_0;
    %parti/s 1, 30, 6;
    %dup/vec4;
    %pushi/vec4 0, 0, 1;
    %cmp/u;
    %jmp/1 T_2.57, 6;
    %dup/vec4;
    %pushi/vec4 1, 0, 1;
    %cmp/u;
    %jmp/1 T_2.58, 6;
    %pushi/vec4 41, 0, 6;
    %store/vec4 v0x5606a9d09c80_0, 0, 6;
    %jmp T_2.60;
T_2.57 ;
    %pushi/vec4 27, 0, 6;
    %store/vec4 v0x5606a9d09c80_0, 0, 6;
    %jmp T_2.60;
T_2.58 ;
    %pushi/vec4 28, 0, 6;
    %store/vec4 v0x5606a9d09c80_0, 0, 6;
    %jmp T_2.60;
T_2.60 ;
    %pop/vec4 1;
    %jmp T_2.56;
T_2.48 ;
    %pushi/vec4 29, 0, 6;
    %store/vec4 v0x5606a9d09c80_0, 0, 6;
    %jmp T_2.56;
T_2.49 ;
    %pushi/vec4 30, 0, 6;
    %store/vec4 v0x5606a9d09c80_0, 0, 6;
    %jmp T_2.56;
T_2.50 ;
    %pushi/vec4 31, 0, 6;
    %store/vec4 v0x5606a9d09c80_0, 0, 6;
    %jmp T_2.56;
T_2.51 ;
    %pushi/vec4 32, 0, 6;
    %store/vec4 v0x5606a9d09c80_0, 0, 6;
    %jmp T_2.56;
T_2.52 ;
    %load/vec4 v0x5606a9d09b80_0;
    %parti/s 1, 30, 6;
    %dup/vec4;
    %pushi/vec4 0, 0, 1;
    %cmp/u;
    %jmp/1 T_2.61, 6;
    %dup/vec4;
    %pushi/vec4 1, 0, 1;
    %cmp/u;
    %jmp/1 T_2.62, 6;
    %pushi/vec4 41, 0, 6;
    %store/vec4 v0x5606a9d09c80_0, 0, 6;
    %jmp T_2.64;
T_2.61 ;
    %pushi/vec4 33, 0, 6;
    %store/vec4 v0x5606a9d09c80_0, 0, 6;
    %jmp T_2.64;
T_2.62 ;
    %pushi/vec4 34, 0, 6;
    %store/vec4 v0x5606a9d09c80_0, 0, 6;
    %jmp T_2.64;
T_2.64 ;
    %pop/vec4 1;
    %jmp T_2.56;
T_2.53 ;
    %pushi/vec4 35, 0, 6;
    %store/vec4 v0x5606a9d09c80_0, 0, 6;
    %jmp T_2.56;
T_2.54 ;
    %pushi/vec4 36, 0, 6;
    %store/vec4 v0x5606a9d09c80_0, 0, 6;
    %jmp T_2.56;
T_2.56 ;
    %pop/vec4 1;
    %jmp T_2.12;
T_2.9 ;
    %pushi/vec4 37, 0, 6;
    %store/vec4 v0x5606a9d09c80_0, 0, 6;
    %jmp T_2.12;
T_2.10 ;
    %load/vec4 v0x5606a9d09b80_0;
    %parti/s 1, 20, 6;
    %dup/vec4;
    %pushi/vec4 0, 0, 1;
    %cmp/u;
    %jmp/1 T_2.65, 6;
    %dup/vec4;
    %pushi/vec4 1, 0, 1;
    %cmp/u;
    %jmp/1 T_2.66, 6;
    %pushi/vec4 41, 0, 6;
    %store/vec4 v0x5606a9d09c80_0, 0, 6;
    %jmp T_2.68;
T_2.65 ;
    %pushi/vec4 38, 0, 6;
    %store/vec4 v0x5606a9d09c80_0, 0, 6;
    %jmp T_2.68;
T_2.66 ;
    %pushi/vec4 39, 0, 6;
    %store/vec4 v0x5606a9d09c80_0, 0, 6;
    %jmp T_2.68;
T_2.68 ;
    %pop/vec4 1;
    %jmp T_2.12;
T_2.12 ;
    %pop/vec4 1;
    %jmp T_2;
    .thread T_2, $push;
    .scope S_0x5606a9ce2120;
T_3 ;
    %delay 5, 0;
    %load/vec4 v0x5606a9d0a490_0;
    %nor/r;
    %store/vec4 v0x5606a9d0a490_0, 0, 1;
    %jmp T_3;
    .thread T_3;
    .scope S_0x5606a9ce2120;
T_4 ;
    %pushi/vec4 1, 0, 1;
    %store/vec4 v0x5606a9d0a490_0, 0, 1;
    %pushi/vec4 0, 0, 32;
    %store/vec4 v0x5606a9d0af00_0, 0, 32;
    %pushi/vec4 0, 0, 32;
    %store/vec4 v0x5606a9d0a570_0, 0, 32;
    %vpi_call 2 95 "$readmemh", "instr.txt", v0x5606a9d0ace0 {0 0 0};
    %vpi_call 2 96 "$readmemh", "inreg1.txt", v0x5606a9d0aa90 {0 0 0};
    %vpi_call 2 97 "$readmemh", "inreg2.txt", v0x5606a9d0ab30 {0 0 0};
    %vpi_call 2 98 "$readmemh", "expreg.txt", v0x5606a9d0a710 {0 0 0};
    %pushi/vec4 0, 0, 32;
    %store/vec4 v0x5606a9d0a7d0_0, 0, 32;
T_4.0 ;
    %load/vec4 v0x5606a9d0a7d0_0;
    %cmpi/s 30, 0, 32;
    %jmp/0xz T_4.1, 5;
    %load/vec4 v0x5606a9d0a7d0_0;
    %store/vec4 v0x5606a9cd8910_0, 0, 32;
    %fork TD_alu_tb.apply_and_check, S_0x5606a9ce22b0;
    %join;
    %load/vec4 v0x5606a9d0a7d0_0;
    %addi 1, 0, 32;
    %store/vec4 v0x5606a9d0a7d0_0, 0, 32;
    %jmp T_4.0;
T_4.1 ;
    %load/vec4 v0x5606a9d0a570_0;
    %cmpi/s 0, 0, 32;
    %flag_or 5, 4; GT is !LE
    %flag_inv 5;
    %jmp/0xz  T_4.2, 5;
    %vpi_call 2 105 "$display", "FAIL %d out of %d", v0x5606a9d0a570_0, v0x5606a9d0af00_0 {0 0 0};
    %jmp T_4.3;
T_4.2 ;
    %vpi_call 2 107 "$display", "PASS %d tests", v0x5606a9d0af00_0 {0 0 0};
T_4.3 ;
    %vpi_call 2 109 "$finish" {0 0 0};
    %end;
    .thread T_4;
# The file index is used to find the file name in the following table.
:file_names 5;
    "N/A";
    "<interactive>";
    "alu_tb.v";
    "dummy-decoder.v";
    "alu32.v";
